[2019-02-25 01:02:26] local.ERROR: Symfony\Component\Console\Exception\CommandNotFoundException: Command "make:auth" is not defined.

Did you mean one of these?
    make:migration
    make:seeder in C:\xampp\htdocs\apiLumen\vendor\symfony\console\Application.php:632
Stack trace:
#0 C:\xampp\htdocs\apiLumen\vendor\symfony\console\Application.php(226): Symfony\Component\Console\Application->find('make:auth')
#1 C:\xampp\htdocs\apiLumen\vendor\symfony\console\Application.php(145): Symfony\Component\Console\Application->doRun(Object(Symfony\Component\Console\Input\ArgvInput), Object(Symfony\Component\Console\Output\ConsoleOutput))
#2 C:\xampp\htdocs\apiLumen\vendor\illuminate\console\Application.php(89): Symfony\Component\Console\Application->run(Object(Symfony\Component\Console\Input\ArgvInput), Object(Symfony\Component\Console\Output\ConsoleOutput))
#3 C:\xampp\htdocs\apiLumen\vendor\laravel\lumen-framework\src\Console\Kernel.php(115): Illuminate\Console\Application->run(Object(Symfony\Component\Console\Input\ArgvInput), Object(Symfony\Component\Console\Output\ConsoleOutput))
#4 C:\xampp\htdocs\apiLumen\artisan(35): Laravel\Lumen\Console\Kernel->handle(Object(Symfony\Component\Console\Input\ArgvInput), Object(Symfony\Component\Console\Output\ConsoleOutput))
#5 {main} {"exception":"[object] (Symfony\\Component\\Console\\Exception\\CommandNotFoundException(code: 0): Command \"make:auth\" is not defined.

Did you mean one of these?
    make:migration
    make:seeder at C:\\xampp\\htdocs\\apiLumen\\vendor\\symfony\\console\\Application.php:632)
[stacktrace]
#0 C:\\xampp\\htdocs\\apiLumen\\vendor\\symfony\\console\\Application.php(226): Symfony\\Component\\Console\\Application->find('make:auth')
#1 C:\\xampp\\htdocs\\apiLumen\\vendor\\symfony\\console\\Application.php(145): Symfony\\Component\\Console\\Application->doRun(Object(Symfony\\Component\\Console\\Input\\ArgvInput), Object(Symfony\\Component\\Console\\Output\\ConsoleOutput))
#2 C:\\xampp\\htdocs\\apiLumen\\vendor\\illuminate\\console\\Application.php(89): Symfony\\Component\\Console\\Application->run(Object(Symfony\\Component\\Console\\Input\\ArgvInput), Object(Symfony\\Component\\Console\\Output\\ConsoleOutput))
#3 C:\\xampp\\htdocs\\apiLumen\\vendor\\laravel\\lumen-framework\\src\\Console\\Kernel.php(115): Illuminate\\Console\\Application->run(Object(Symfony\\Component\\Console\\Input\\ArgvInput), Object(Symfony\\Component\\Console\\Output\\ConsoleOutput))
#4 C:\\xampp\\htdocs\\apiLumen\\artisan(35): Laravel\\Lumen\\Console\\Kernel->handle(Object(Symfony\\Component\\Console\\Input\\ArgvInput), Object(Symfony\\Component\\Console\\Output\\ConsoleOutput))
#5 {main}
"} 
[2019-02-25 08:32:47] local.ERROR: Symfony\Component\Debug\Exception\FatalThrowableError: Class 'Request' not found in C:\xampp\htdocs\apiLumen\public\index.php:29
Stack trace:
#0 {main} {"exception":"[object] (Symfony\\Component\\Debug\\Exception\\FatalThrowableError(code: 0): Class 'Request' not found at C:\\xampp\\htdocs\\apiLumen\\public\\index.php:29)
[stacktrace]
#0 {main}
"} 
[2019-02-25 08:49:16] local.ERROR: Symfony\Component\Debug\Exception\FatalThrowableError: Call to undefined method Laravel\Lumen\Routing\Router::option() in C:\xampp\htdocs\apiLumen\routes\web.php:38
Stack trace:
#0 C:\xampp\htdocs\apiLumen\bootstrap\app.php(99): require()
#1 [internal function]: {closure}(Object(Laravel\Lumen\Routing\Router))
#2 C:\xampp\htdocs\apiLumen\vendor\laravel\lumen-framework\src\Routing\Router.php(62): call_user_func(Object(Closure), Object(Laravel\Lumen\Routing\Router))
#3 C:\xampp\htdocs\apiLumen\bootstrap\app.php(100): Laravel\Lumen\Routing\Router->group(Array, Object(Closure))
#4 C:\xampp\htdocs\apiLumen\public\index.php(14): require('C:\\xampp\\htdocs...')
#5 {main} {"exception":"[object] (Symfony\\Component\\Debug\\Exception\\FatalThrowableError(code: 0): Call to undefined method Laravel\\Lumen\\Routing\\Router::option() at C:\\xampp\\htdocs\\apiLumen\outes\\web.php:38)
[stacktrace]
#0 C:\\xampp\\htdocs\\apiLumen\\bootstrap\\app.php(99): require()
#1 [internal function]: {closure}(Object(Laravel\\Lumen\\Routing\\Router))
#2 C:\\xampp\\htdocs\\apiLumen\\vendor\\laravel\\lumen-framework\\src\\Routing\\Router.php(62): call_user_func(Object(Closure), Object(Laravel\\Lumen\\Routing\\Router))
#3 C:\\xampp\\htdocs\\apiLumen\\bootstrap\\app.php(100): Laravel\\Lumen\\Routing\\Router->group(Array, Object(Closure))
#4 C:\\xampp\\htdocs\\apiLumen\\public\\index.php(14): require('C:\\\\xampp\\\\htdocs...')
#5 {main}
"} 
[2019-02-25 08:50:05] local.ERROR: Symfony\Component\Debug\Exception\FatalThrowableError: Call to undefined method Laravel\Lumen\Routing\Router::option() in C:\xampp\htdocs\apiLumen\routes\web.php:38
Stack trace:
#0 C:\xampp\htdocs\apiLumen\bootstrap\app.php(99): require()
#1 [internal function]: {closure}(Object(Laravel\Lumen\Routing\Router))
#2 C:\xampp\htdocs\apiLumen\vendor\laravel\lumen-framework\src\Routing\Router.php(62): call_user_func(Object(Closure), Object(Laravel\Lumen\Routing\Router))
#3 C:\xampp\htdocs\apiLumen\bootstrap\app.php(100): Laravel\Lumen\Routing\Router->group(Array, Object(Closure))
#4 C:\xampp\htdocs\apiLumen\public\index.php(14): require('C:\\xampp\\htdocs...')
#5 {main} {"exception":"[object] (Symfony\\Component\\Debug\\Exception\\FatalThrowableError(code: 0): Call to undefined method Laravel\\Lumen\\Routing\\Router::option() at C:\\xampp\\htdocs\\apiLumen\outes\\web.php:38)
[stacktrace]
#0 C:\\xampp\\htdocs\\apiLumen\\bootstrap\\app.php(99): require()
#1 [internal function]: {closure}(Object(Laravel\\Lumen\\Routing\\Router))
#2 C:\\xampp\\htdocs\\apiLumen\\vendor\\laravel\\lumen-framework\\src\\Routing\\Router.php(62): call_user_func(Object(Closure), Object(Laravel\\Lumen\\Routing\\Router))
#3 C:\\xampp\\htdocs\\apiLumen\\bootstrap\\app.php(100): Laravel\\Lumen\\Routing\\Router->group(Array, Object(Closure))
#4 C:\\xampp\\htdocs\\apiLumen\\public\\index.php(14): require('C:\\\\xampp\\\\htdocs...')
#5 {main}
"} 
[2019-02-25 09:35:08] local.ERROR: PDOException: SQLSTATE[HY000]: General error: 1364 Field 'apitoken' doesn't have a default value in C:\xampp\htdocs\apiLumen\vendor\illuminate\database\Connection.php:458
Stack trace:
#0 C:\xampp\htdocs\apiLumen\vendor\illuminate\database\Connection.php(458): PDOStatement->execute()
#1 C:\xampp\htdocs\apiLumen\vendor\illuminate\database\Connection.php(657): Illuminate\Database\Connection->Illuminate\Database\{closure}('insert into `us...', Array)
#2 C:\xampp\htdocs\apiLumen\vendor\illuminate\database\Connection.php(624): Illuminate\Database\Connection->runQueryCallback('insert into `us...', Array, Object(Closure))
#3 C:\xampp\htdocs\apiLumen\vendor\illuminate\database\Connection.php(459): Illuminate\Database\Connection->run('insert into `us...', Array, Object(Closure))
#4 C:\xampp\htdocs\apiLumen\vendor\illuminate\database\Connection.php(411): Illuminate\Database\Connection->statement('insert into `us...', Array)
#5 C:\xampp\htdocs\apiLumen\vendor\illuminate\database\Query\Processors\Processor.php(32): Illuminate\Database\Connection->insert('insert into `us...', Array)
#6 C:\xampp\htdocs\apiLumen\vendor\illuminate\database\Query\Builder.php(2628): Illuminate\Database\Query\Processors\Processor->processInsertGetId(Object(Illuminate\Database\Query\Builder), 'insert into `us...', Array, 'id')
#7 C:\xampp\htdocs\apiLumen\vendor\illuminate\database\Eloquent\Builder.php(1338): Illuminate\Database\Query\Builder->insertGetId(Array, 'id')
#8 C:\xampp\htdocs\apiLumen\vendor\illuminate\database\Eloquent\Model.php(823): Illuminate\Database\Eloquent\Builder->__call('insertGetId', Array)
#9 C:\xampp\htdocs\apiLumen\vendor\illuminate\database\Eloquent\Model.php(788): Illuminate\Database\Eloquent\Model->insertAndSetId(Object(Illuminate\Database\Eloquent\Builder), Array)
#10 C:\xampp\htdocs\apiLumen\vendor\illuminate\database\Eloquent\Model.php(651): Illuminate\Database\Eloquent\Model->performInsert(Object(Illuminate\Database\Eloquent\Builder))
#11 C:\xampp\htdocs\apiLumen\vendor\illuminate\database\Eloquent\Builder.php(793): Illuminate\Database\Eloquent\Model->save()
#12 C:\xampp\htdocs\apiLumen\vendor\illuminate\support\helpers.php(1027): Illuminate\Database\Eloquent\Builder->Illuminate\Database\Eloquent\{closure}(Object(App\User))
#13 C:\xampp\htdocs\apiLumen\vendor\illuminate\database\Eloquent\Builder.php(794): tap(Object(App\User), Object(Closure))
#14 C:\xampp\htdocs\apiLumen\vendor\illuminate\support\Traits\ForwardsCalls.php(23): Illuminate\Database\Eloquent\Builder->create(Array)
#15 C:\xampp\htdocs\apiLumen\vendor\illuminate\database\Eloquent\Model.php(1610): Illuminate\Database\Eloquent\Model->forwardCallTo(Object(Illuminate\Database\Eloquent\Builder), 'create', Array)
#16 C:\xampp\htdocs\apiLumen\vendor\illuminate\database\Eloquent\Model.php(1622): Illuminate\Database\Eloquent\Model->__call('create', Array)
#17 C:\xampp\htdocs\apiLumen\app\Http\Controllers\AuthController.php(21): Illuminate\Database\Eloquent\Model::__callStatic('create', Array)
#18 [internal function]: App\Http\Controllers\AuthController->register(Object(Illuminate\Http\Request))
#19 C:\xampp\htdocs\apiLumen\vendor\illuminate\container\BoundMethod.php(29): call_user_func_array(Array, Array)
#20 C:\xampp\htdocs\apiLumen\vendor\illuminate\container\BoundMethod.php(87): Illuminate\Container\BoundMethod::Illuminate\Container\{closure}()
#21 C:\xampp\htdocs\apiLumen\vendor\illuminate\container\BoundMethod.php(31): Illuminate\Container\BoundMethod::callBoundMethod(Object(Laravel\Lumen\Application), Array, Object(Closure))
#22 C:\xampp\htdocs\apiLumen\vendor\illuminate\container\Container.php(572): Illuminate\Container\BoundMethod::call(Object(Laravel\Lumen\Application), Array, Array, NULL)
#23 C:\xampp\htdocs\apiLumen\vendor\laravel\lumen-framework\src\Concerns\RoutesRequests.php(378): Illuminate\Container\Container->call(Array, Array)
#24 C:\xampp\htdocs\apiLumen\vendor\laravel\lumen-framework\src\Concerns\RoutesRequests.php(344): Laravel\Lumen\Application->callControllerCallable(Array, Array)
#25 C:\xampp\htdocs\apiLumen\vendor\laravel\lumen-framework\src\Concerns\RoutesRequests.php(318): Laravel\Lumen\Application->callLumenController(Object(App\Http\Controllers\AuthController), 'register', Array)
#26 C:\xampp\htdocs\apiLumen\vendor\laravel\lumen-framework\src\Concerns\RoutesRequests.php(280): Laravel\Lumen\Application->callControllerAction(Array)
#27 C:\xampp\htdocs\apiLumen\vendor\laravel\lumen-framework\src\Concerns\RoutesRequests.php(265): Laravel\Lumen\Application->callActionOnArrayBasedRoute(Array)
#28 C:\xampp\htdocs\apiLumen\vendor\laravel\lumen-framework\src\Concerns\RoutesRequests.php(165): Laravel\Lumen\Application->handleFoundRoute(Array)
#29 C:\xampp\htdocs\apiLumen\vendor\laravel\lumen-framework\src\Concerns\RoutesRequests.php(418): Laravel\Lumen\Application->Laravel\Lumen\Concerns\{closure}(Object(Illuminate\Http\Request))
#30 C:\xampp\htdocs\apiLumen\vendor\laravel\lumen-framework\src\Concerns\RoutesRequests.php(171): Laravel\Lumen\Application->sendThroughPipeline(Array, Object(Closure))
#31 C:\xampp\htdocs\apiLumen\vendor\laravel\lumen-framework\src\Concerns\RoutesRequests.php(108): Laravel\Lumen\Application->dispatch(Object(Illuminate\Http\Request))
#32 C:\xampp\htdocs\apiLumen\public\index.php(30): Laravel\Lumen\Application->run(Object(Illuminate\Http\Request))
#33 {main}

Next Illuminate\Database\QueryException: SQLSTATE[HY000]: General error: 1364 Field 'apitoken' doesn't have a default value (SQL: insert into `users` (`name`, `email`, `password`, `updated_at`, `created_at`) values (imam, imam.shonhaji@email.com, $2y$10$ROhRgVzDC4TQ2q7S1u0roubcs29RvPag0U3TlfKGcX9/TrPSfPyGC, 2019-02-25 09:35:08, 2019-02-25 09:35:08)) in C:\xampp\htdocs\apiLumen\vendor\illuminate\database\Connection.php:664
Stack trace:
#0 C:\xampp\htdocs\apiLumen\vendor\illuminate\database\Connection.php(624): Illuminate\Database\Connection->runQueryCallback('insert into `us...', Array, Object(Closure))
#1 C:\xampp\htdocs\apiLumen\vendor\illuminate\database\Connection.php(459): Illuminate\Database\Connection->run('insert into `us...', Array, Object(Closure))
#2 C:\xampp\htdocs\apiLumen\vendor\illuminate\database\Connection.php(411): Illuminate\Database\Connection->statement('insert into `us...', Array)
#3 C:\xampp\htdocs\apiLumen\vendor\illuminate\database\Query\Processors\Processor.php(32): Illuminate\Database\Connection->insert('insert into `us...', Array)
#4 C:\xampp\htdocs\apiLumen\vendor\illuminate\database\Query\Builder.php(2628): Illuminate\Database\Query\Processors\Processor->processInsertGetId(Object(Illuminate\Database\Query\Builder), 'insert into `us...', Array, 'id')
#5 C:\xampp\htdocs\apiLumen\vendor\illuminate\database\Eloquent\Builder.php(1338): Illuminate\Database\Query\Builder->insertGetId(Array, 'id')
#6 C:\xampp\htdocs\apiLumen\vendor\illuminate\database\Eloquent\Model.php(823): Illuminate\Database\Eloquent\Builder->__call('insertGetId', Array)
#7 C:\xampp\htdocs\apiLumen\vendor\illuminate\database\Eloquent\Model.php(788): Illuminate\Database\Eloquent\Model->insertAndSetId(Object(Illuminate\Database\Eloquent\Builder), Array)
#8 C:\xampp\htdocs\apiLumen\vendor\illuminate\database\Eloquent\Model.php(651): Illuminate\Database\Eloquent\Model->performInsert(Object(Illuminate\Database\Eloquent\Builder))
#9 C:\xampp\htdocs\apiLumen\vendor\illuminate\database\Eloquent\Builder.php(793): Illuminate\Database\Eloquent\Model->save()
#10 C:\xampp\htdocs\apiLumen\vendor\illuminate\support\helpers.php(1027): Illuminate\Database\Eloquent\Builder->Illuminate\Database\Eloquent\{closure}(Object(App\User))
#11 C:\xampp\htdocs\apiLumen\vendor\illuminate\database\Eloquent\Builder.php(794): tap(Object(App\User), Object(Closure))
#12 C:\xampp\htdocs\apiLumen\vendor\illuminate\support\Traits\ForwardsCalls.php(23): Illuminate\Database\Eloquent\Builder->create(Array)
#13 C:\xampp\htdocs\apiLumen\vendor\illuminate\database\Eloquent\Model.php(1610): Illuminate\Database\Eloquent\Model->forwardCallTo(Object(Illuminate\Database\Eloquent\Builder), 'create', Array)
#14 C:\xampp\htdocs\apiLumen\vendor\illuminate\database\Eloquent\Model.php(1622): Illuminate\Database\Eloquent\Model->__call('create', Array)
#15 C:\xampp\htdocs\apiLumen\app\Http\Controllers\AuthController.php(21): Illuminate\Database\Eloquent\Model::__callStatic('create', Array)
#16 [internal function]: App\Http\Controllers\AuthController->register(Object(Illuminate\Http\Request))
#17 C:\xampp\htdocs\apiLumen\vendor\illuminate\container\BoundMethod.php(29): call_user_func_array(Array, Array)
#18 C:\xampp\htdocs\apiLumen\vendor\illuminate\container\BoundMethod.php(87): Illuminate\Container\BoundMethod::Illuminate\Container\{closure}()
#19 C:\xampp\htdocs\apiLumen\vendor\illuminate\container\BoundMethod.php(31): Illuminate\Container\BoundMethod::callBoundMethod(Object(Laravel\Lumen\Application), Array, Object(Closure))
#20 C:\xampp\htdocs\apiLumen\vendor\illuminate\container\Container.php(572): Illuminate\Container\BoundMethod::call(Object(Laravel\Lumen\Application), Array, Array, NULL)
#21 C:\xampp\htdocs\apiLumen\vendor\laravel\lumen-framework\src\Concerns\RoutesRequests.php(378): Illuminate\Container\Container->call(Array, Array)
#22 C:\xampp\htdocs\apiLumen\vendor\laravel\lumen-framework\src\Concerns\RoutesRequests.php(344): Laravel\Lumen\Application->callControllerCallable(Array, Array)
#23 C:\xampp\htdocs\apiLumen\vendor\laravel\lumen-framework\src\Concerns\RoutesRequests.php(318): Laravel\Lumen\Application->callLumenController(Object(App\Http\Controllers\AuthController), 'register', Array)
#24 C:\xampp\htdocs\apiLumen\vendor\laravel\lumen-framework\src\Concerns\RoutesRequests.php(280): Laravel\Lumen\Application->callControllerAction(Array)
#25 C:\xampp\htdocs\apiLumen\vendor\laravel\lumen-framework\src\Concerns\RoutesRequests.php(265): Laravel\Lumen\Application->callActionOnArrayBasedRoute(Array)
#26 C:\xampp\htdocs\apiLumen\vendor\laravel\lumen-framework\src\Concerns\RoutesRequests.php(165): Laravel\Lumen\Application->handleFoundRoute(Array)
#27 C:\xampp\htdocs\apiLumen\vendor\laravel\lumen-framework\src\Concerns\RoutesRequests.php(418): Laravel\Lumen\Application->Laravel\Lumen\Concerns\{closure}(Object(Illuminate\Http\Request))
#28 C:\xampp\htdocs\apiLumen\vendor\laravel\lumen-framework\src\Concerns\RoutesRequests.php(171): Laravel\Lumen\Application->sendThroughPipeline(Array, Object(Closure))
#29 C:\xampp\htdocs\apiLumen\vendor\laravel\lumen-framework\src\Concerns\RoutesRequests.php(108): Laravel\Lumen\Application->dispatch(Object(Illuminate\Http\Request))
#30 C:\xampp\htdocs\apiLumen\public\index.php(30): Laravel\Lumen\Application->run(Object(Illuminate\Http\Request))
#31 {main} {"exception":"[object] (Illuminate\\Database\\QueryException(code: HY000): SQLSTATE[HY000]: General error: 1364 Field 'apitoken' doesn't have a default value (SQL: insert into `users` (`name`, `email`, `password`, `updated_at`, `created_at`) values (imam, imam.shonhaji@email.com, $2y$10$ROhRgVzDC4TQ2q7S1u0roubcs29RvPag0U3TlfKGcX9/TrPSfPyGC, 2019-02-25 09:35:08, 2019-02-25 09:35:08)) at C:\\xampp\\htdocs\\apiLumen\\vendor\\illuminate\\database\\Connection.php:664, PDOException(code: HY000): SQLSTATE[HY000]: General error: 1364 Field 'apitoken' doesn't have a default value at C:\\xampp\\htdocs\\apiLumen\\vendor\\illuminate\\database\\Connection.php:458)
[stacktrace]
#0 C:\\xampp\\htdocs\\apiLumen\\vendor\\illuminate\\database\\Connection.php(624): Illuminate\\Database\\Connection->runQueryCallback('insert into `us...', Array, Object(Closure))
#1 C:\\xampp\\htdocs\\apiLumen\\vendor\\illuminate\\database\\Connection.php(459): Illuminate\\Database\\Connection->run('insert into `us...', Array, Object(Closure))
#2 C:\\xampp\\htdocs\\apiLumen\\vendor\\illuminate\\database\\Connection.php(411): Illuminate\\Database\\Connection->statement('insert into `us...', Array)
#3 C:\\xampp\\htdocs\\apiLumen\\vendor\\illuminate\\database\\Query\\Processors\\Processor.php(32): Illuminate\\Database\\Connection->insert('insert into `us...', Array)
#4 C:\\xampp\\htdocs\\apiLumen\\vendor\\illuminate\\database\\Query\\Builder.php(2628): Illuminate\\Database\\Query\\Processors\\Processor->processInsertGetId(Object(Illuminate\\Database\\Query\\Builder), 'insert into `us...', Array, 'id')
#5 C:\\xampp\\htdocs\\apiLumen\\vendor\\illuminate\\database\\Eloquent\\Builder.php(1338): Illuminate\\Database\\Query\\Builder->insertGetId(Array, 'id')
#6 C:\\xampp\\htdocs\\apiLumen\\vendor\\illuminate\\database\\Eloquent\\Model.php(823): Illuminate\\Database\\Eloquent\\Builder->__call('insertGetId', Array)
#7 C:\\xampp\\htdocs\\apiLumen\\vendor\\illuminate\\database\\Eloquent\\Model.php(788): Illuminate\\Database\\Eloquent\\Model->insertAndSetId(Object(Illuminate\\Database\\Eloquent\\Builder), Array)
#8 C:\\xampp\\htdocs\\apiLumen\\vendor\\illuminate\\database\\Eloquent\\Model.php(651): Illuminate\\Database\\Eloquent\\Model->performInsert(Object(Illuminate\\Database\\Eloquent\\Builder))
#9 C:\\xampp\\htdocs\\apiLumen\\vendor\\illuminate\\database\\Eloquent\\Builder.php(793): Illuminate\\Database\\Eloquent\\Model->save()
#10 C:\\xampp\\htdocs\\apiLumen\\vendor\\illuminate\\support\\helpers.php(1027): Illuminate\\Database\\Eloquent\\Builder->Illuminate\\Database\\Eloquent\\{closure}(Object(App\\User))
#11 C:\\xampp\\htdocs\\apiLumen\\vendor\\illuminate\\database\\Eloquent\\Builder.php(794): tap(Object(App\\User), Object(Closure))
#12 C:\\xampp\\htdocs\\apiLumen\\vendor\\illuminate\\support\\Traits\\ForwardsCalls.php(23): Illuminate\\Database\\Eloquent\\Builder->create(Array)
#13 C:\\xampp\\htdocs\\apiLumen\\vendor\\illuminate\\database\\Eloquent\\Model.php(1610): Illuminate\\Database\\Eloquent\\Model->forwardCallTo(Object(Illuminate\\Database\\Eloquent\\Builder), 'create', Array)
#14 C:\\xampp\\htdocs\\apiLumen\\vendor\\illuminate\\database\\Eloquent\\Model.php(1622): Illuminate\\Database\\Eloquent\\Model->__call('create', Array)
#15 C:\\xampp\\htdocs\\apiLumen\\app\\Http\\Controllers\\AuthController.php(21): Illuminate\\Database\\Eloquent\\Model::__callStatic('create', Array)
#16 [internal function]: App\\Http\\Controllers\\AuthController->register(Object(Illuminate\\Http\\Request))
#17 C:\\xampp\\htdocs\\apiLumen\\vendor\\illuminate\\container\\BoundMethod.php(29): call_user_func_array(Array, Array)
#18 C:\\xampp\\htdocs\\apiLumen\\vendor\\illuminate\\container\\BoundMethod.php(87): Illuminate\\Container\\BoundMethod::Illuminate\\Container\\{closure}()
#19 C:\\xampp\\htdocs\\apiLumen\\vendor\\illuminate\\container\\BoundMethod.php(31): Illuminate\\Container\\BoundMethod::callBoundMethod(Object(Laravel\\Lumen\\Application), Array, Object(Closure))
#20 C:\\xampp\\htdocs\\apiLumen\\vendor\\illuminate\\container\\Container.php(572): Illuminate\\Container\\BoundMethod::call(Object(Laravel\\Lumen\\Application), Array, Array, NULL)
#21 C:\\xampp\\htdocs\\apiLumen\\vendor\\laravel\\lumen-framework\\src\\Concerns\\RoutesRequests.php(378): Illuminate\\Container\\Container->call(Array, Array)
#22 C:\\xampp\\htdocs\\apiLumen\\vendor\\laravel\\lumen-framework\\src\\Concerns\\RoutesRequests.php(344): Laravel\\Lumen\\Application->callControllerCallable(Array, Array)
#23 C:\\xampp\\htdocs\\apiLumen\\vendor\\laravel\\lumen-framework\\src\\Concerns\\RoutesRequests.php(318): Laravel\\Lumen\\Application->callLumenController(Object(App\\Http\\Controllers\\AuthController), 'register', Array)
#24 C:\\xampp\\htdocs\\apiLumen\\vendor\\laravel\\lumen-framework\\src\\Concerns\\RoutesRequests.php(280): Laravel\\Lumen\\Application->callControllerAction(Array)
#25 C:\\xampp\\htdocs\\apiLumen\\vendor\\laravel\\lumen-framework\\src\\Concerns\\RoutesRequests.php(265): Laravel\\Lumen\\Application->callActionOnArrayBasedRoute(Array)
#26 C:\\xampp\\htdocs\\apiLumen\\vendor\\laravel\\lumen-framework\\src\\Concerns\\RoutesRequests.php(165): Laravel\\Lumen\\Application->handleFoundRoute(Array)
#27 C:\\xampp\\htdocs\\apiLumen\\vendor\\laravel\\lumen-framework\\src\\Concerns\\RoutesRequests.php(418): Laravel\\Lumen\\Application->Laravel\\Lumen\\Concerns\\{closure}(Object(Illuminate\\Http\\Request))
#28 C:\\xampp\\htdocs\\apiLumen\\vendor\\laravel\\lumen-framework\\src\\Concerns\\RoutesRequests.php(171): Laravel\\Lumen\\Application->sendThroughPipeline(Array, Object(Closure))
#29 C:\\xampp\\htdocs\\apiLumen\\vendor\\laravel\\lumen-framework\\src\\Concerns\\RoutesRequests.php(108): Laravel\\Lumen\\Application->dispatch(Object(Illuminate\\Http\\Request))
#30 C:\\xampp\\htdocs\\apiLumen\\public\\index.php(30): Laravel\\Lumen\\Application->run(Object(Illuminate\\Http\\Request))
#31 {main}
"} 
[2019-02-25 09:38:35] local.ERROR: PDOException: SQLSTATE[HY000]: General error: 1364 Field 'api_token' doesn't have a default value in C:\xampp\htdocs\apiLumen\vendor\illuminate\database\Connection.php:458
Stack trace:
#0 C:\xampp\htdocs\apiLumen\vendor\illuminate\database\Connection.php(458): PDOStatement->execute()
#1 C:\xampp\htdocs\apiLumen\vendor\illuminate\database\Connection.php(657): Illuminate\Database\Connection->Illuminate\Database\{closure}('insert into `us...', Array)
#2 C:\xampp\htdocs\apiLumen\vendor\illuminate\database\Connection.php(624): Illuminate\Database\Connection->runQueryCallback('insert into `us...', Array, Object(Closure))
#3 C:\xampp\htdocs\apiLumen\vendor\illuminate\database\Connection.php(459): Illuminate\Database\Connection->run('insert into `us...', Array, Object(Closure))
#4 C:\xampp\htdocs\apiLumen\vendor\illuminate\database\Connection.php(411): Illuminate\Database\Connection->statement('insert into `us...', Array)
#5 C:\xampp\htdocs\apiLumen\vendor\illuminate\database\Query\Processors\Processor.php(32): Illuminate\Database\Connection->insert('insert into `us...', Array)
#6 C:\xampp\htdocs\apiLumen\vendor\illuminate\database\Query\Builder.php(2628): Illuminate\Database\Query\Processors\Processor->processInsertGetId(Object(Illuminate\Database\Query\Builder), 'insert into `us...', Array, 'id')
#7 C:\xampp\htdocs\apiLumen\vendor\illuminate\database\Eloquent\Builder.php(1338): Illuminate\Database\Query\Builder->insertGetId(Array, 'id')
#8 C:\xampp\htdocs\apiLumen\vendor\illuminate\database\Eloquent\Model.php(823): Illuminate\Database\Eloquent\Builder->__call('insertGetId', Array)
#9 C:\xampp\htdocs\apiLumen\vendor\illuminate\database\Eloquent\Model.php(788): Illuminate\Database\Eloquent\Model->insertAndSetId(Object(Illuminate\Database\Eloquent\Builder), Array)
#10 C:\xampp\htdocs\apiLumen\vendor\illuminate\database\Eloquent\Model.php(651): Illuminate\Database\Eloquent\Model->performInsert(Object(Illuminate\Database\Eloquent\Builder))
#11 C:\xampp\htdocs\apiLumen\vendor\illuminate\database\Eloquent\Builder.php(793): Illuminate\Database\Eloquent\Model->save()
#12 C:\xampp\htdocs\apiLumen\vendor\illuminate\support\helpers.php(1027): Illuminate\Database\Eloquent\Builder->Illuminate\Database\Eloquent\{closure}(Object(App\User))
#13 C:\xampp\htdocs\apiLumen\vendor\illuminate\database\Eloquent\Builder.php(794): tap(Object(App\User), Object(Closure))
#14 C:\xampp\htdocs\apiLumen\vendor\illuminate\support\Traits\ForwardsCalls.php(23): Illuminate\Database\Eloquent\Builder->create(Array)
#15 C:\xampp\htdocs\apiLumen\vendor\illuminate\database\Eloquent\Model.php(1610): Illuminate\Database\Eloquent\Model->forwardCallTo(Object(Illuminate\Database\Eloquent\Builder), 'create', Array)
#16 C:\xampp\htdocs\apiLumen\vendor\illuminate\database\Eloquent\Model.php(1622): Illuminate\Database\Eloquent\Model->__call('create', Array)
#17 C:\xampp\htdocs\apiLumen\app\Http\Controllers\AuthController.php(21): Illuminate\Database\Eloquent\Model::__callStatic('create', Array)
#18 [internal function]: App\Http\Controllers\AuthController->register(Object(Illuminate\Http\Request))
#19 C:\xampp\htdocs\apiLumen\vendor\illuminate\container\BoundMethod.php(29): call_user_func_array(Array, Array)
#20 C:\xampp\htdocs\apiLumen\vendor\illuminate\container\BoundMethod.php(87): Illuminate\Container\BoundMethod::Illuminate\Container\{closure}()
#21 C:\xampp\htdocs\apiLumen\vendor\illuminate\container\BoundMethod.php(31): Illuminate\Container\BoundMethod::callBoundMethod(Object(Laravel\Lumen\Application), Array, Object(Closure))
#22 C:\xampp\htdocs\apiLumen\vendor\illuminate\container\Container.php(572): Illuminate\Container\BoundMethod::call(Object(Laravel\Lumen\Application), Array, Array, NULL)
#23 C:\xampp\htdocs\apiLumen\vendor\laravel\lumen-framework\src\Concerns\RoutesRequests.php(378): Illuminate\Container\Container->call(Array, Array)
#24 C:\xampp\htdocs\apiLumen\vendor\laravel\lumen-framework\src\Concerns\RoutesRequests.php(344): Laravel\Lumen\Application->callControllerCallable(Array, Array)
#25 C:\xampp\htdocs\apiLumen\vendor\laravel\lumen-framework\src\Concerns\RoutesRequests.php(318): Laravel\Lumen\Application->callLumenController(Object(App\Http\Controllers\AuthController), 'register', Array)
#26 C:\xampp\htdocs\apiLumen\vendor\laravel\lumen-framework\src\Concerns\RoutesRequests.php(280): Laravel\Lumen\Application->callControllerAction(Array)
#27 C:\xampp\htdocs\apiLumen\vendor\laravel\lumen-framework\src\Concerns\RoutesRequests.php(265): Laravel\Lumen\Application->callActionOnArrayBasedRoute(Array)
#28 C:\xampp\htdocs\apiLumen\vendor\laravel\lumen-framework\src\Concerns\RoutesRequests.php(165): Laravel\Lumen\Application->handleFoundRoute(Array)
#29 C:\xampp\htdocs\apiLumen\vendor\laravel\lumen-framework\src\Concerns\RoutesRequests.php(418): Laravel\Lumen\Application->Laravel\Lumen\Concerns\{closure}(Object(Illuminate\Http\Request))
#30 C:\xampp\htdocs\apiLumen\vendor\laravel\lumen-framework\src\Concerns\RoutesRequests.php(171): Laravel\Lumen\Application->sendThroughPipeline(Array, Object(Closure))
#31 C:\xampp\htdocs\apiLumen\vendor\laravel\lumen-framework\src\Concerns\RoutesRequests.php(108): Laravel\Lumen\Application->dispatch(Object(Illuminate\Http\Request))
#32 C:\xampp\htdocs\apiLumen\public\index.php(30): Laravel\Lumen\Application->run(Object(Illuminate\Http\Request))
#33 {main}

Next Illuminate\Database\QueryException: SQLSTATE[HY000]: General error: 1364 Field 'api_token' doesn't have a default value (SQL: insert into `users` (`name`, `email`, `password`, `updated_at`, `created_at`) values (imam, imam.shonhaji@email.com, $2y$10$ZmFYlrN.k9LnN2jK5Vx.t.cwCdWXgmAH.0gxG3AxJEAAkaaWn0ssu, 2019-02-25 09:38:35, 2019-02-25 09:38:35)) in C:\xampp\htdocs\apiLumen\vendor\illuminate\database\Connection.php:664
Stack trace:
#0 C:\xampp\htdocs\apiLumen\vendor\illuminate\database\Connection.php(624): Illuminate\Database\Connection->runQueryCallback('insert into `us...', Array, Object(Closure))
#1 C:\xampp\htdocs\apiLumen\vendor\illuminate\database\Connection.php(459): Illuminate\Database\Connection->run('insert into `us...', Array, Object(Closure))
#2 C:\xampp\htdocs\apiLumen\vendor\illuminate\database\Connection.php(411): Illuminate\Database\Connection->statement('insert into `us...', Array)
#3 C:\xampp\htdocs\apiLumen\vendor\illuminate\database\Query\Processors\Processor.php(32): Illuminate\Database\Connection->insert('insert into `us...', Array)
#4 C:\xampp\htdocs\apiLumen\vendor\illuminate\database\Query\Builder.php(2628): Illuminate\Database\Query\Processors\Processor->processInsertGetId(Object(Illuminate\Database\Query\Builder), 'insert into `us...', Array, 'id')
#5 C:\xampp\htdocs\apiLumen\vendor\illuminate\database\Eloquent\Builder.php(1338): Illuminate\Database\Query\Builder->insertGetId(Array, 'id')
#6 C:\xampp\htdocs\apiLumen\vendor\illuminate\database\Eloquent\Model.php(823): Illuminate\Database\Eloquent\Builder->__call('insertGetId', Array)
#7 C:\xampp\htdocs\apiLumen\vendor\illuminate\database\Eloquent\Model.php(788): Illuminate\Database\Eloquent\Model->insertAndSetId(Object(Illuminate\Database\Eloquent\Builder), Array)
#8 C:\xampp\htdocs\apiLumen\vendor\illuminate\database\Eloquent\Model.php(651): Illuminate\Database\Eloquent\Model->performInsert(Object(Illuminate\Database\Eloquent\Builder))
#9 C:\xampp\htdocs\apiLumen\vendor\illuminate\database\Eloquent\Builder.php(793): Illuminate\Database\Eloquent\Model->save()
#10 C:\xampp\htdocs\apiLumen\vendor\illuminate\support\helpers.php(1027): Illuminate\Database\Eloquent\Builder->Illuminate\Database\Eloquent\{closure}(Object(App\User))
#11 C:\xampp\htdocs\apiLumen\vendor\illuminate\database\Eloquent\Builder.php(794): tap(Object(App\User), Object(Closure))
#12 C:\xampp\htdocs\apiLumen\vendor\illuminate\support\Traits\ForwardsCalls.php(23): Illuminate\Database\Eloquent\Builder->create(Array)
#13 C:\xampp\htdocs\apiLumen\vendor\illuminate\database\Eloquent\Model.php(1610): Illuminate\Database\Eloquent\Model->forwardCallTo(Object(Illuminate\Database\Eloquent\Builder), 'create', Array)
#14 C:\xampp\htdocs\apiLumen\vendor\illuminate\database\Eloquent\Model.php(1622): Illuminate\Database\Eloquent\Model->__call('create', Array)
#15 C:\xampp\htdocs\apiLumen\app\Http\Controllers\AuthController.php(21): Illuminate\Database\Eloquent\Model::__callStatic('create', Array)
#16 [internal function]: App\Http\Controllers\AuthController->register(Object(Illuminate\Http\Request))
#17 C:\xampp\htdocs\apiLumen\vendor\illuminate\container\BoundMethod.php(29): call_user_func_array(Array, Array)
#18 C:\xampp\htdocs\apiLumen\vendor\illuminate\container\BoundMethod.php(87): Illuminate\Container\BoundMethod::Illuminate\Container\{closure}()
#19 C:\xampp\htdocs\apiLumen\vendor\illuminate\container\BoundMethod.php(31): Illuminate\Container\BoundMethod::callBoundMethod(Object(Laravel\Lumen\Application), Array, Object(Closure))
#20 C:\xampp\htdocs\apiLumen\vendor\illuminate\container\Container.php(572): Illuminate\Container\BoundMethod::call(Object(Laravel\Lumen\Application), Array, Array, NULL)
#21 C:\xampp\htdocs\apiLumen\vendor\laravel\lumen-framework\src\Concerns\RoutesRequests.php(378): Illuminate\Container\Container->call(Array, Array)
#22 C:\xampp\htdocs\apiLumen\vendor\laravel\lumen-framework\src\Concerns\RoutesRequests.php(344): Laravel\Lumen\Application->callControllerCallable(Array, Array)
#23 C:\xampp\htdocs\apiLumen\vendor\laravel\lumen-framework\src\Concerns\RoutesRequests.php(318): Laravel\Lumen\Application->callLumenController(Object(App\Http\Controllers\AuthController), 'register', Array)
#24 C:\xampp\htdocs\apiLumen\vendor\laravel\lumen-framework\src\Concerns\RoutesRequests.php(280): Laravel\Lumen\Application->callControllerAction(Array)
#25 C:\xampp\htdocs\apiLumen\vendor\laravel\lumen-framework\src\Concerns\RoutesRequests.php(265): Laravel\Lumen\Application->callActionOnArrayBasedRoute(Array)
#26 C:\xampp\htdocs\apiLumen\vendor\laravel\lumen-framework\src\Concerns\RoutesRequests.php(165): Laravel\Lumen\Application->handleFoundRoute(Array)
#27 C:\xampp\htdocs\apiLumen\vendor\laravel\lumen-framework\src\Concerns\RoutesRequests.php(418): Laravel\Lumen\Application->Laravel\Lumen\Concerns\{closure}(Object(Illuminate\Http\Request))
#28 C:\xampp\htdocs\apiLumen\vendor\laravel\lumen-framework\src\Concerns\RoutesRequests.php(171): Laravel\Lumen\Application->sendThroughPipeline(Array, Object(Closure))
#29 C:\xampp\htdocs\apiLumen\vendor\laravel\lumen-framework\src\Concerns\RoutesRequests.php(108): Laravel\Lumen\Application->dispatch(Object(Illuminate\Http\Request))
#30 C:\xampp\htdocs\apiLumen\public\index.php(30): Laravel\Lumen\Application->run(Object(Illuminate\Http\Request))
#31 {main} {"exception":"[object] (Illuminate\\Database\\QueryException(code: HY000): SQLSTATE[HY000]: General error: 1364 Field 'api_token' doesn't have a default value (SQL: insert into `users` (`name`, `email`, `password`, `updated_at`, `created_at`) values (imam, imam.shonhaji@email.com, $2y$10$ZmFYlrN.k9LnN2jK5Vx.t.cwCdWXgmAH.0gxG3AxJEAAkaaWn0ssu, 2019-02-25 09:38:35, 2019-02-25 09:38:35)) at C:\\xampp\\htdocs\\apiLumen\\vendor\\illuminate\\database\\Connection.php:664, PDOException(code: HY000): SQLSTATE[HY000]: General error: 1364 Field 'api_token' doesn't have a default value at C:\\xampp\\htdocs\\apiLumen\\vendor\\illuminate\\database\\Connection.php:458)
[stacktrace]
#0 C:\\xampp\\htdocs\\apiLumen\\vendor\\illuminate\\database\\Connection.php(624): Illuminate\\Database\\Connection->runQueryCallback('insert into `us...', Array, Object(Closure))
#1 C:\\xampp\\htdocs\\apiLumen\\vendor\\illuminate\\database\\Connection.php(459): Illuminate\\Database\\Connection->run('insert into `us...', Array, Object(Closure))
#2 C:\\xampp\\htdocs\\apiLumen\\vendor\\illuminate\\database\\Connection.php(411): Illuminate\\Database\\Connection->statement('insert into `us...', Array)
#3 C:\\xampp\\htdocs\\apiLumen\\vendor\\illuminate\\database\\Query\\Processors\\Processor.php(32): Illuminate\\Database\\Connection->insert('insert into `us...', Array)
#4 C:\\xampp\\htdocs\\apiLumen\\vendor\\illuminate\\database\\Query\\Builder.php(2628): Illuminate\\Database\\Query\\Processors\\Processor->processInsertGetId(Object(Illuminate\\Database\\Query\\Builder), 'insert into `us...', Array, 'id')
#5 C:\\xampp\\htdocs\\apiLumen\\vendor\\illuminate\\database\\Eloquent\\Builder.php(1338): Illuminate\\Database\\Query\\Builder->insertGetId(Array, 'id')
#6 C:\\xampp\\htdocs\\apiLumen\\vendor\\illuminate\\database\\Eloquent\\Model.php(823): Illuminate\\Database\\Eloquent\\Builder->__call('insertGetId', Array)
#7 C:\\xampp\\htdocs\\apiLumen\\vendor\\illuminate\\database\\Eloquent\\Model.php(788): Illuminate\\Database\\Eloquent\\Model->insertAndSetId(Object(Illuminate\\Database\\Eloquent\\Builder), Array)
#8 C:\\xampp\\htdocs\\apiLumen\\vendor\\illuminate\\database\\Eloquent\\Model.php(651): Illuminate\\Database\\Eloquent\\Model->performInsert(Object(Illuminate\\Database\\Eloquent\\Builder))
#9 C:\\xampp\\htdocs\\apiLumen\\vendor\\illuminate\\database\\Eloquent\\Builder.php(793): Illuminate\\Database\\Eloquent\\Model->save()
#10 C:\\xampp\\htdocs\\apiLumen\\vendor\\illuminate\\support\\helpers.php(1027): Illuminate\\Database\\Eloquent\\Builder->Illuminate\\Database\\Eloquent\\{closure}(Object(App\\User))
#11 C:\\xampp\\htdocs\\apiLumen\\vendor\\illuminate\\database\\Eloquent\\Builder.php(794): tap(Object(App\\User), Object(Closure))
#12 C:\\xampp\\htdocs\\apiLumen\\vendor\\illuminate\\support\\Traits\\ForwardsCalls.php(23): Illuminate\\Database\\Eloquent\\Builder->create(Array)
#13 C:\\xampp\\htdocs\\apiLumen\\vendor\\illuminate\\database\\Eloquent\\Model.php(1610): Illuminate\\Database\\Eloquent\\Model->forwardCallTo(Object(Illuminate\\Database\\Eloquent\\Builder), 'create', Array)
#14 C:\\xampp\\htdocs\\apiLumen\\vendor\\illuminate\\database\\Eloquent\\Model.php(1622): Illuminate\\Database\\Eloquent\\Model->__call('create', Array)
#15 C:\\xampp\\htdocs\\apiLumen\\app\\Http\\Controllers\\AuthController.php(21): Illuminate\\Database\\Eloquent\\Model::__callStatic('create', Array)
#16 [internal function]: App\\Http\\Controllers\\AuthController->register(Object(Illuminate\\Http\\Request))
#17 C:\\xampp\\htdocs\\apiLumen\\vendor\\illuminate\\container\\BoundMethod.php(29): call_user_func_array(Array, Array)
#18 C:\\xampp\\htdocs\\apiLumen\\vendor\\illuminate\\container\\BoundMethod.php(87): Illuminate\\Container\\BoundMethod::Illuminate\\Container\\{closure}()
#19 C:\\xampp\\htdocs\\apiLumen\\vendor\\illuminate\\container\\BoundMethod.php(31): Illuminate\\Container\\BoundMethod::callBoundMethod(Object(Laravel\\Lumen\\Application), Array, Object(Closure))
#20 C:\\xampp\\htdocs\\apiLumen\\vendor\\illuminate\\container\\Container.php(572): Illuminate\\Container\\BoundMethod::call(Object(Laravel\\Lumen\\Application), Array, Array, NULL)
#21 C:\\xampp\\htdocs\\apiLumen\\vendor\\laravel\\lumen-framework\\src\\Concerns\\RoutesRequests.php(378): Illuminate\\Container\\Container->call(Array, Array)
#22 C:\\xampp\\htdocs\\apiLumen\\vendor\\laravel\\lumen-framework\\src\\Concerns\\RoutesRequests.php(344): Laravel\\Lumen\\Application->callControllerCallable(Array, Array)
#23 C:\\xampp\\htdocs\\apiLumen\\vendor\\laravel\\lumen-framework\\src\\Concerns\\RoutesRequests.php(318): Laravel\\Lumen\\Application->callLumenController(Object(App\\Http\\Controllers\\AuthController), 'register', Array)
#24 C:\\xampp\\htdocs\\apiLumen\\vendor\\laravel\\lumen-framework\\src\\Concerns\\RoutesRequests.php(280): Laravel\\Lumen\\Application->callControllerAction(Array)
#25 C:\\xampp\\htdocs\\apiLumen\\vendor\\laravel\\lumen-framework\\src\\Concerns\\RoutesRequests.php(265): Laravel\\Lumen\\Application->callActionOnArrayBasedRoute(Array)
#26 C:\\xampp\\htdocs\\apiLumen\\vendor\\laravel\\lumen-framework\\src\\Concerns\\RoutesRequests.php(165): Laravel\\Lumen\\Application->handleFoundRoute(Array)
#27 C:\\xampp\\htdocs\\apiLumen\\vendor\\laravel\\lumen-framework\\src\\Concerns\\RoutesRequests.php(418): Laravel\\Lumen\\Application->Laravel\\Lumen\\Concerns\\{closure}(Object(Illuminate\\Http\\Request))
#28 C:\\xampp\\htdocs\\apiLumen\\vendor\\laravel\\lumen-framework\\src\\Concerns\\RoutesRequests.php(171): Laravel\\Lumen\\Application->sendThroughPipeline(Array, Object(Closure))
#29 C:\\xampp\\htdocs\\apiLumen\\vendor\\laravel\\lumen-framework\\src\\Concerns\\RoutesRequests.php(108): Laravel\\Lumen\\Application->dispatch(Object(Illuminate\\Http\\Request))
#30 C:\\xampp\\htdocs\\apiLumen\\public\\index.php(30): Laravel\\Lumen\\Application->run(Object(Illuminate\\Http\\Request))
#31 {main}
"} 
[2019-02-25 09:40:44] local.ERROR: PDOException: SQLSTATE[HY000]: General error: 1364 Field 'api_token' doesn't have a default value in C:\xampp\htdocs\apiLumen\vendor\illuminate\database\Connection.php:458
Stack trace:
#0 C:\xampp\htdocs\apiLumen\vendor\illuminate\database\Connection.php(458): PDOStatement->execute()
#1 C:\xampp\htdocs\apiLumen\vendor\illuminate\database\Connection.php(657): Illuminate\Database\Connection->Illuminate\Database\{closure}('insert into `us...', Array)
#2 C:\xampp\htdocs\apiLumen\vendor\illuminate\database\Connection.php(624): Illuminate\Database\Connection->runQueryCallback('insert into `us...', Array, Object(Closure))
#3 C:\xampp\htdocs\apiLumen\vendor\illuminate\database\Connection.php(459): Illuminate\Database\Connection->run('insert into `us...', Array, Object(Closure))
#4 C:\xampp\htdocs\apiLumen\vendor\illuminate\database\Connection.php(411): Illuminate\Database\Connection->statement('insert into `us...', Array)
#5 C:\xampp\htdocs\apiLumen\vendor\illuminate\database\Query\Processors\Processor.php(32): Illuminate\Database\Connection->insert('insert into `us...', Array)
#6 C:\xampp\htdocs\apiLumen\vendor\illuminate\database\Query\Builder.php(2628): Illuminate\Database\Query\Processors\Processor->processInsertGetId(Object(Illuminate\Database\Query\Builder), 'insert into `us...', Array, 'id')
#7 C:\xampp\htdocs\apiLumen\vendor\illuminate\database\Eloquent\Builder.php(1338): Illuminate\Database\Query\Builder->insertGetId(Array, 'id')
#8 C:\xampp\htdocs\apiLumen\vendor\illuminate\database\Eloquent\Model.php(823): Illuminate\Database\Eloquent\Builder->__call('insertGetId', Array)
#9 C:\xampp\htdocs\apiLumen\vendor\illuminate\database\Eloquent\Model.php(788): Illuminate\Database\Eloquent\Model->insertAndSetId(Object(Illuminate\Database\Eloquent\Builder), Array)
#10 C:\xampp\htdocs\apiLumen\vendor\illuminate\database\Eloquent\Model.php(651): Illuminate\Database\Eloquent\Model->performInsert(Object(Illuminate\Database\Eloquent\Builder))
#11 C:\xampp\htdocs\apiLumen\vendor\illuminate\database\Eloquent\Builder.php(793): Illuminate\Database\Eloquent\Model->save()
#12 C:\xampp\htdocs\apiLumen\vendor\illuminate\support\helpers.php(1027): Illuminate\Database\Eloquent\Builder->Illuminate\Database\Eloquent\{closure}(Object(App\User))
#13 C:\xampp\htdocs\apiLumen\vendor\illuminate\database\Eloquent\Builder.php(794): tap(Object(App\User), Object(Closure))
#14 C:\xampp\htdocs\apiLumen\vendor\illuminate\support\Traits\ForwardsCalls.php(23): Illuminate\Database\Eloquent\Builder->create(Array)
#15 C:\xampp\htdocs\apiLumen\vendor\illuminate\database\Eloquent\Model.php(1610): Illuminate\Database\Eloquent\Model->forwardCallTo(Object(Illuminate\Database\Eloquent\Builder), 'create', Array)
#16 C:\xampp\htdocs\apiLumen\vendor\illuminate\database\Eloquent\Model.php(1622): Illuminate\Database\Eloquent\Model->__call('create', Array)
#17 C:\xampp\htdocs\apiLumen\app\Http\Controllers\AuthController.php(21): Illuminate\Database\Eloquent\Model::__callStatic('create', Array)
#18 [internal function]: App\Http\Controllers\AuthController->register(Object(Illuminate\Http\Request))
#19 C:\xampp\htdocs\apiLumen\vendor\illuminate\container\BoundMethod.php(29): call_user_func_array(Array, Array)
#20 C:\xampp\htdocs\apiLumen\vendor\illuminate\container\BoundMethod.php(87): Illuminate\Container\BoundMethod::Illuminate\Container\{closure}()
#21 C:\xampp\htdocs\apiLumen\vendor\illuminate\container\BoundMethod.php(31): Illuminate\Container\BoundMethod::callBoundMethod(Object(Laravel\Lumen\Application), Array, Object(Closure))
#22 C:\xampp\htdocs\apiLumen\vendor\illuminate\container\Container.php(572): Illuminate\Container\BoundMethod::call(Object(Laravel\Lumen\Application), Array, Array, NULL)
#23 C:\xampp\htdocs\apiLumen\vendor\laravel\lumen-framework\src\Concerns\RoutesRequests.php(378): Illuminate\Container\Container->call(Array, Array)
#24 C:\xampp\htdocs\apiLumen\vendor\laravel\lumen-framework\src\Concerns\RoutesRequests.php(344): Laravel\Lumen\Application->callControllerCallable(Array, Array)
#25 C:\xampp\htdocs\apiLumen\vendor\laravel\lumen-framework\src\Concerns\RoutesRequests.php(318): Laravel\Lumen\Application->callLumenController(Object(App\Http\Controllers\AuthController), 'register', Array)
#26 C:\xampp\htdocs\apiLumen\vendor\laravel\lumen-framework\src\Concerns\RoutesRequests.php(280): Laravel\Lumen\Application->callControllerAction(Array)
#27 C:\xampp\htdocs\apiLumen\vendor\laravel\lumen-framework\src\Concerns\RoutesRequests.php(265): Laravel\Lumen\Application->callActionOnArrayBasedRoute(Array)
#28 C:\xampp\htdocs\apiLumen\vendor\laravel\lumen-framework\src\Concerns\RoutesRequests.php(165): Laravel\Lumen\Application->handleFoundRoute(Array)
#29 C:\xampp\htdocs\apiLumen\vendor\laravel\lumen-framework\src\Concerns\RoutesRequests.php(418): Laravel\Lumen\Application->Laravel\Lumen\Concerns\{closure}(Object(Illuminate\Http\Request))
#30 C:\xampp\htdocs\apiLumen\vendor\laravel\lumen-framework\src\Concerns\RoutesRequests.php(171): Laravel\Lumen\Application->sendThroughPipeline(Array, Object(Closure))
#31 C:\xampp\htdocs\apiLumen\vendor\laravel\lumen-framework\src\Concerns\RoutesRequests.php(108): Laravel\Lumen\Application->dispatch(Object(Illuminate\Http\Request))
#32 C:\xampp\htdocs\apiLumen\public\index.php(30): Laravel\Lumen\Application->run(Object(Illuminate\Http\Request))
#33 {main}

Next Illuminate\Database\QueryException: SQLSTATE[HY000]: General error: 1364 Field 'api_token' doesn't have a default value (SQL: insert into `users` (`name`, `email`, `password`, `updated_at`, `created_at`) values (imam, imam.shonhaji@email.com, $2y$10$o3EWaa7mNb85Z8C4XBi60etkUJ6.cjWvQL7kKceNvtPnZi2TUxfSC, 2019-02-25 09:40:44, 2019-02-25 09:40:44)) in C:\xampp\htdocs\apiLumen\vendor\illuminate\database\Connection.php:664
Stack trace:
#0 C:\xampp\htdocs\apiLumen\vendor\illuminate\database\Connection.php(624): Illuminate\Database\Connection->runQueryCallback('insert into `us...', Array, Object(Closure))
#1 C:\xampp\htdocs\apiLumen\vendor\illuminate\database\Connection.php(459): Illuminate\Database\Connection->run('insert into `us...', Array, Object(Closure))
#2 C:\xampp\htdocs\apiLumen\vendor\illuminate\database\Connection.php(411): Illuminate\Database\Connection->statement('insert into `us...', Array)
#3 C:\xampp\htdocs\apiLumen\vendor\illuminate\database\Query\Processors\Processor.php(32): Illuminate\Database\Connection->insert('insert into `us...', Array)
#4 C:\xampp\htdocs\apiLumen\vendor\illuminate\database\Query\Builder.php(2628): Illuminate\Database\Query\Processors\Processor->processInsertGetId(Object(Illuminate\Database\Query\Builder), 'insert into `us...', Array, 'id')
#5 C:\xampp\htdocs\apiLumen\vendor\illuminate\database\Eloquent\Builder.php(1338): Illuminate\Database\Query\Builder->insertGetId(Array, 'id')
#6 C:\xampp\htdocs\apiLumen\vendor\illuminate\database\Eloquent\Model.php(823): Illuminate\Database\Eloquent\Builder->__call('insertGetId', Array)
#7 C:\xampp\htdocs\apiLumen\vendor\illuminate\database\Eloquent\Model.php(788): Illuminate\Database\Eloquent\Model->insertAndSetId(Object(Illuminate\Database\Eloquent\Builder), Array)
#8 C:\xampp\htdocs\apiLumen\vendor\illuminate\database\Eloquent\Model.php(651): Illuminate\Database\Eloquent\Model->performInsert(Object(Illuminate\Database\Eloquent\Builder))
#9 C:\xampp\htdocs\apiLumen\vendor\illuminate\database\Eloquent\Builder.php(793): Illuminate\Database\Eloquent\Model->save()
#10 C:\xampp\htdocs\apiLumen\vendor\illuminate\support\helpers.php(1027): Illuminate\Database\Eloquent\Builder->Illuminate\Database\Eloquent\{closure}(Object(App\User))
#11 C:\xampp\htdocs\apiLumen\vendor\illuminate\database\Eloquent\Builder.php(794): tap(Object(App\User), Object(Closure))
#12 C:\xampp\htdocs\apiLumen\vendor\illuminate\support\Traits\ForwardsCalls.php(23): Illuminate\Database\Eloquent\Builder->create(Array)
#13 C:\xampp\htdocs\apiLumen\vendor\illuminate\database\Eloquent\Model.php(1610): Illuminate\Database\Eloquent\Model->forwardCallTo(Object(Illuminate\Database\Eloquent\Builder), 'create', Array)
#14 C:\xampp\htdocs\apiLumen\vendor\illuminate\database\Eloquent\Model.php(1622): Illuminate\Database\Eloquent\Model->__call('create', Array)
#15 C:\xampp\htdocs\apiLumen\app\Http\Controllers\AuthController.php(21): Illuminate\Database\Eloquent\Model::__callStatic('create', Array)
#16 [internal function]: App\Http\Controllers\AuthController->register(Object(Illuminate\Http\Request))
#17 C:\xampp\htdocs\apiLumen\vendor\illuminate\container\BoundMethod.php(29): call_user_func_array(Array, Array)
#18 C:\xampp\htdocs\apiLumen\vendor\illuminate\container\BoundMethod.php(87): Illuminate\Container\BoundMethod::Illuminate\Container\{closure}()
#19 C:\xampp\htdocs\apiLumen\vendor\illuminate\container\BoundMethod.php(31): Illuminate\Container\BoundMethod::callBoundMethod(Object(Laravel\Lumen\Application), Array, Object(Closure))
#20 C:\xampp\htdocs\apiLumen\vendor\illuminate\container\Container.php(572): Illuminate\Container\BoundMethod::call(Object(Laravel\Lumen\Application), Array, Array, NULL)
#21 C:\xampp\htdocs\apiLumen\vendor\laravel\lumen-framework\src\Concerns\RoutesRequests.php(378): Illuminate\Container\Container->call(Array, Array)
#22 C:\xampp\htdocs\apiLumen\vendor\laravel\lumen-framework\src\Concerns\RoutesRequests.php(344): Laravel\Lumen\Application->callControllerCallable(Array, Array)
#23 C:\xampp\htdocs\apiLumen\vendor\laravel\lumen-framework\src\Concerns\RoutesRequests.php(318): Laravel\Lumen\Application->callLumenController(Object(App\Http\Controllers\AuthController), 'register', Array)
#24 C:\xampp\htdocs\apiLumen\vendor\laravel\lumen-framework\src\Concerns\RoutesRequests.php(280): Laravel\Lumen\Application->callControllerAction(Array)
#25 C:\xampp\htdocs\apiLumen\vendor\laravel\lumen-framework\src\Concerns\RoutesRequests.php(265): Laravel\Lumen\Application->callActionOnArrayBasedRoute(Array)
#26 C:\xampp\htdocs\apiLumen\vendor\laravel\lumen-framework\src\Concerns\RoutesRequests.php(165): Laravel\Lumen\Application->handleFoundRoute(Array)
#27 C:\xampp\htdocs\apiLumen\vendor\laravel\lumen-framework\src\Concerns\RoutesRequests.php(418): Laravel\Lumen\Application->Laravel\Lumen\Concerns\{closure}(Object(Illuminate\Http\Request))
#28 C:\xampp\htdocs\apiLumen\vendor\laravel\lumen-framework\src\Concerns\RoutesRequests.php(171): Laravel\Lumen\Application->sendThroughPipeline(Array, Object(Closure))
#29 C:\xampp\htdocs\apiLumen\vendor\laravel\lumen-framework\src\Concerns\RoutesRequests.php(108): Laravel\Lumen\Application->dispatch(Object(Illuminate\Http\Request))
#30 C:\xampp\htdocs\apiLumen\public\index.php(30): Laravel\Lumen\Application->run(Object(Illuminate\Http\Request))
#31 {main} {"exception":"[object] (Illuminate\\Database\\QueryException(code: HY000): SQLSTATE[HY000]: General error: 1364 Field 'api_token' doesn't have a default value (SQL: insert into `users` (`name`, `email`, `password`, `updated_at`, `created_at`) values (imam, imam.shonhaji@email.com, $2y$10$o3EWaa7mNb85Z8C4XBi60etkUJ6.cjWvQL7kKceNvtPnZi2TUxfSC, 2019-02-25 09:40:44, 2019-02-25 09:40:44)) at C:\\xampp\\htdocs\\apiLumen\\vendor\\illuminate\\database\\Connection.php:664, PDOException(code: HY000): SQLSTATE[HY000]: General error: 1364 Field 'api_token' doesn't have a default value at C:\\xampp\\htdocs\\apiLumen\\vendor\\illuminate\\database\\Connection.php:458)
[stacktrace]
#0 C:\\xampp\\htdocs\\apiLumen\\vendor\\illuminate\\database\\Connection.php(624): Illuminate\\Database\\Connection->runQueryCallback('insert into `us...', Array, Object(Closure))
#1 C:\\xampp\\htdocs\\apiLumen\\vendor\\illuminate\\database\\Connection.php(459): Illuminate\\Database\\Connection->run('insert into `us...', Array, Object(Closure))
#2 C:\\xampp\\htdocs\\apiLumen\\vendor\\illuminate\\database\\Connection.php(411): Illuminate\\Database\\Connection->statement('insert into `us...', Array)
#3 C:\\xampp\\htdocs\\apiLumen\\vendor\\illuminate\\database\\Query\\Processors\\Processor.php(32): Illuminate\\Database\\Connection->insert('insert into `us...', Array)
#4 C:\\xampp\\htdocs\\apiLumen\\vendor\\illuminate\\database\\Query\\Builder.php(2628): Illuminate\\Database\\Query\\Processors\\Processor->processInsertGetId(Object(Illuminate\\Database\\Query\\Builder), 'insert into `us...', Array, 'id')
#5 C:\\xampp\\htdocs\\apiLumen\\vendor\\illuminate\\database\\Eloquent\\Builder.php(1338): Illuminate\\Database\\Query\\Builder->insertGetId(Array, 'id')
#6 C:\\xampp\\htdocs\\apiLumen\\vendor\\illuminate\\database\\Eloquent\\Model.php(823): Illuminate\\Database\\Eloquent\\Builder->__call('insertGetId', Array)
#7 C:\\xampp\\htdocs\\apiLumen\\vendor\\illuminate\\database\\Eloquent\\Model.php(788): Illuminate\\Database\\Eloquent\\Model->insertAndSetId(Object(Illuminate\\Database\\Eloquent\\Builder), Array)
#8 C:\\xampp\\htdocs\\apiLumen\\vendor\\illuminate\\database\\Eloquent\\Model.php(651): Illuminate\\Database\\Eloquent\\Model->performInsert(Object(Illuminate\\Database\\Eloquent\\Builder))
#9 C:\\xampp\\htdocs\\apiLumen\\vendor\\illuminate\\database\\Eloquent\\Builder.php(793): Illuminate\\Database\\Eloquent\\Model->save()
#10 C:\\xampp\\htdocs\\apiLumen\\vendor\\illuminate\\support\\helpers.php(1027): Illuminate\\Database\\Eloquent\\Builder->Illuminate\\Database\\Eloquent\\{closure}(Object(App\\User))
#11 C:\\xampp\\htdocs\\apiLumen\\vendor\\illuminate\\database\\Eloquent\\Builder.php(794): tap(Object(App\\User), Object(Closure))
#12 C:\\xampp\\htdocs\\apiLumen\\vendor\\illuminate\\support\\Traits\\ForwardsCalls.php(23): Illuminate\\Database\\Eloquent\\Builder->create(Array)
#13 C:\\xampp\\htdocs\\apiLumen\\vendor\\illuminate\\database\\Eloquent\\Model.php(1610): Illuminate\\Database\\Eloquent\\Model->forwardCallTo(Object(Illuminate\\Database\\Eloquent\\Builder), 'create', Array)
#14 C:\\xampp\\htdocs\\apiLumen\\vendor\\illuminate\\database\\Eloquent\\Model.php(1622): Illuminate\\Database\\Eloquent\\Model->__call('create', Array)
#15 C:\\xampp\\htdocs\\apiLumen\\app\\Http\\Controllers\\AuthController.php(21): Illuminate\\Database\\Eloquent\\Model::__callStatic('create', Array)
#16 [internal function]: App\\Http\\Controllers\\AuthController->register(Object(Illuminate\\Http\\Request))
#17 C:\\xampp\\htdocs\\apiLumen\\vendor\\illuminate\\container\\BoundMethod.php(29): call_user_func_array(Array, Array)
#18 C:\\xampp\\htdocs\\apiLumen\\vendor\\illuminate\\container\\BoundMethod.php(87): Illuminate\\Container\\BoundMethod::Illuminate\\Container\\{closure}()
#19 C:\\xampp\\htdocs\\apiLumen\\vendor\\illuminate\\container\\BoundMethod.php(31): Illuminate\\Container\\BoundMethod::callBoundMethod(Object(Laravel\\Lumen\\Application), Array, Object(Closure))
#20 C:\\xampp\\htdocs\\apiLumen\\vendor\\illuminate\\container\\Container.php(572): Illuminate\\Container\\BoundMethod::call(Object(Laravel\\Lumen\\Application), Array, Array, NULL)
#21 C:\\xampp\\htdocs\\apiLumen\\vendor\\laravel\\lumen-framework\\src\\Concerns\\RoutesRequests.php(378): Illuminate\\Container\\Container->call(Array, Array)
#22 C:\\xampp\\htdocs\\apiLumen\\vendor\\laravel\\lumen-framework\\src\\Concerns\\RoutesRequests.php(344): Laravel\\Lumen\\Application->callControllerCallable(Array, Array)
#23 C:\\xampp\\htdocs\\apiLumen\\vendor\\laravel\\lumen-framework\\src\\Concerns\\RoutesRequests.php(318): Laravel\\Lumen\\Application->callLumenController(Object(App\\Http\\Controllers\\AuthController), 'register', Array)
#24 C:\\xampp\\htdocs\\apiLumen\\vendor\\laravel\\lumen-framework\\src\\Concerns\\RoutesRequests.php(280): Laravel\\Lumen\\Application->callControllerAction(Array)
#25 C:\\xampp\\htdocs\\apiLumen\\vendor\\laravel\\lumen-framework\\src\\Concerns\\RoutesRequests.php(265): Laravel\\Lumen\\Application->callActionOnArrayBasedRoute(Array)
#26 C:\\xampp\\htdocs\\apiLumen\\vendor\\laravel\\lumen-framework\\src\\Concerns\\RoutesRequests.php(165): Laravel\\Lumen\\Application->handleFoundRoute(Array)
#27 C:\\xampp\\htdocs\\apiLumen\\vendor\\laravel\\lumen-framework\\src\\Concerns\\RoutesRequests.php(418): Laravel\\Lumen\\Application->Laravel\\Lumen\\Concerns\\{closure}(Object(Illuminate\\Http\\Request))
#28 C:\\xampp\\htdocs\\apiLumen\\vendor\\laravel\\lumen-framework\\src\\Concerns\\RoutesRequests.php(171): Laravel\\Lumen\\Application->sendThroughPipeline(Array, Object(Closure))
#29 C:\\xampp\\htdocs\\apiLumen\\vendor\\laravel\\lumen-framework\\src\\Concerns\\RoutesRequests.php(108): Laravel\\Lumen\\Application->dispatch(Object(Illuminate\\Http\\Request))
#30 C:\\xampp\\htdocs\\apiLumen\\public\\index.php(30): Laravel\\Lumen\\Application->run(Object(Illuminate\\Http\\Request))
#31 {main}
"} 
[2019-02-25 09:42:58] local.ERROR: PDOException: SQLSTATE[HY000]: General error: 1364 Field 'api_token' doesn't have a default value in C:\xampp\htdocs\apiLumen\vendor\illuminate\database\Connection.php:458
Stack trace:
#0 C:\xampp\htdocs\apiLumen\vendor\illuminate\database\Connection.php(458): PDOStatement->execute()
#1 C:\xampp\htdocs\apiLumen\vendor\illuminate\database\Connection.php(657): Illuminate\Database\Connection->Illuminate\Database\{closure}('insert into `us...', Array)
#2 C:\xampp\htdocs\apiLumen\vendor\illuminate\database\Connection.php(624): Illuminate\Database\Connection->runQueryCallback('insert into `us...', Array, Object(Closure))
#3 C:\xampp\htdocs\apiLumen\vendor\illuminate\database\Connection.php(459): Illuminate\Database\Connection->run('insert into `us...', Array, Object(Closure))
#4 C:\xampp\htdocs\apiLumen\vendor\illuminate\database\Connection.php(411): Illuminate\Database\Connection->statement('insert into `us...', Array)
#5 C:\xampp\htdocs\apiLumen\vendor\illuminate\database\Query\Processors\Processor.php(32): Illuminate\Database\Connection->insert('insert into `us...', Array)
#6 C:\xampp\htdocs\apiLumen\vendor\illuminate\database\Query\Builder.php(2628): Illuminate\Database\Query\Processors\Processor->processInsertGetId(Object(Illuminate\Database\Query\Builder), 'insert into `us...', Array, 'id')
#7 C:\xampp\htdocs\apiLumen\vendor\illuminate\database\Eloquent\Builder.php(1338): Illuminate\Database\Query\Builder->insertGetId(Array, 'id')
#8 C:\xampp\htdocs\apiLumen\vendor\illuminate\database\Eloquent\Model.php(823): Illuminate\Database\Eloquent\Builder->__call('insertGetId', Array)
#9 C:\xampp\htdocs\apiLumen\vendor\illuminate\database\Eloquent\Model.php(788): Illuminate\Database\Eloquent\Model->insertAndSetId(Object(Illuminate\Database\Eloquent\Builder), Array)
#10 C:\xampp\htdocs\apiLumen\vendor\illuminate\database\Eloquent\Model.php(651): Illuminate\Database\Eloquent\Model->performInsert(Object(Illuminate\Database\Eloquent\Builder))
#11 C:\xampp\htdocs\apiLumen\vendor\illuminate\database\Eloquent\Builder.php(793): Illuminate\Database\Eloquent\Model->save()
#12 C:\xampp\htdocs\apiLumen\vendor\illuminate\support\helpers.php(1027): Illuminate\Database\Eloquent\Builder->Illuminate\Database\Eloquent\{closure}(Object(App\User))
#13 C:\xampp\htdocs\apiLumen\vendor\illuminate\database\Eloquent\Builder.php(794): tap(Object(App\User), Object(Closure))
#14 C:\xampp\htdocs\apiLumen\vendor\illuminate\support\Traits\ForwardsCalls.php(23): Illuminate\Database\Eloquent\Builder->create(Array)
#15 C:\xampp\htdocs\apiLumen\vendor\illuminate\database\Eloquent\Model.php(1610): Illuminate\Database\Eloquent\Model->forwardCallTo(Object(Illuminate\Database\Eloquent\Builder), 'create', Array)
#16 C:\xampp\htdocs\apiLumen\vendor\illuminate\database\Eloquent\Model.php(1622): Illuminate\Database\Eloquent\Model->__call('create', Array)
#17 C:\xampp\htdocs\apiLumen\app\Http\Controllers\AuthController.php(21): Illuminate\Database\Eloquent\Model::__callStatic('create', Array)
#18 [internal function]: App\Http\Controllers\AuthController->register(Object(Illuminate\Http\Request))
#19 C:\xampp\htdocs\apiLumen\vendor\illuminate\container\BoundMethod.php(29): call_user_func_array(Array, Array)
#20 C:\xampp\htdocs\apiLumen\vendor\illuminate\container\BoundMethod.php(87): Illuminate\Container\BoundMethod::Illuminate\Container\{closure}()
#21 C:\xampp\htdocs\apiLumen\vendor\illuminate\container\BoundMethod.php(31): Illuminate\Container\BoundMethod::callBoundMethod(Object(Laravel\Lumen\Application), Array, Object(Closure))
#22 C:\xampp\htdocs\apiLumen\vendor\illuminate\container\Container.php(572): Illuminate\Container\BoundMethod::call(Object(Laravel\Lumen\Application), Array, Array, NULL)
#23 C:\xampp\htdocs\apiLumen\vendor\laravel\lumen-framework\src\Concerns\RoutesRequests.php(378): Illuminate\Container\Container->call(Array, Array)
#24 C:\xampp\htdocs\apiLumen\vendor\laravel\lumen-framework\src\Concerns\RoutesRequests.php(344): Laravel\Lumen\Application->callControllerCallable(Array, Array)
#25 C:\xampp\htdocs\apiLumen\vendor\laravel\lumen-framework\src\Concerns\RoutesRequests.php(318): Laravel\Lumen\Application->callLumenController(Object(App\Http\Controllers\AuthController), 'register', Array)
#26 C:\xampp\htdocs\apiLumen\vendor\laravel\lumen-framework\src\Concerns\RoutesRequests.php(280): Laravel\Lumen\Application->callControllerAction(Array)
#27 C:\xampp\htdocs\apiLumen\vendor\laravel\lumen-framework\src\Concerns\RoutesRequests.php(265): Laravel\Lumen\Application->callActionOnArrayBasedRoute(Array)
#28 C:\xampp\htdocs\apiLumen\vendor\laravel\lumen-framework\src\Concerns\RoutesRequests.php(165): Laravel\Lumen\Application->handleFoundRoute(Array)
#29 C:\xampp\htdocs\apiLumen\vendor\laravel\lumen-framework\src\Concerns\RoutesRequests.php(418): Laravel\Lumen\Application->Laravel\Lumen\Concerns\{closure}(Object(Illuminate\Http\Request))
#30 C:\xampp\htdocs\apiLumen\vendor\laravel\lumen-framework\src\Concerns\RoutesRequests.php(171): Laravel\Lumen\Application->sendThroughPipeline(Array, Object(Closure))
#31 C:\xampp\htdocs\apiLumen\vendor\laravel\lumen-framework\src\Concerns\RoutesRequests.php(108): Laravel\Lumen\Application->dispatch(Object(Illuminate\Http\Request))
#32 C:\xampp\htdocs\apiLumen\public\index.php(30): Laravel\Lumen\Application->run(Object(Illuminate\Http\Request))
#33 {main}

Next Illuminate\Database\QueryException: SQLSTATE[HY000]: General error: 1364 Field 'api_token' doesn't have a default value (SQL: insert into `users` (`name`, `email`, `password`, `updated_at`, `created_at`) values (imam, imam.shonhaji@email.com, $2y$10$YDAJNtyD3vzNRZk2CPoKWeF8WX5pY/fd.ReLhpUO17G/MFQOLFSzK, 2019-02-25 09:42:58, 2019-02-25 09:42:58)) in C:\xampp\htdocs\apiLumen\vendor\illuminate\database\Connection.php:664
Stack trace:
#0 C:\xampp\htdocs\apiLumen\vendor\illuminate\database\Connection.php(624): Illuminate\Database\Connection->runQueryCallback('insert into `us...', Array, Object(Closure))
#1 C:\xampp\htdocs\apiLumen\vendor\illuminate\database\Connection.php(459): Illuminate\Database\Connection->run('insert into `us...', Array, Object(Closure))
#2 C:\xampp\htdocs\apiLumen\vendor\illuminate\database\Connection.php(411): Illuminate\Database\Connection->statement('insert into `us...', Array)
#3 C:\xampp\htdocs\apiLumen\vendor\illuminate\database\Query\Processors\Processor.php(32): Illuminate\Database\Connection->insert('insert into `us...', Array)
#4 C:\xampp\htdocs\apiLumen\vendor\illuminate\database\Query\Builder.php(2628): Illuminate\Database\Query\Processors\Processor->processInsertGetId(Object(Illuminate\Database\Query\Builder), 'insert into `us...', Array, 'id')
#5 C:\xampp\htdocs\apiLumen\vendor\illuminate\database\Eloquent\Builder.php(1338): Illuminate\Database\Query\Builder->insertGetId(Array, 'id')
#6 C:\xampp\htdocs\apiLumen\vendor\illuminate\database\Eloquent\Model.php(823): Illuminate\Database\Eloquent\Builder->__call('insertGetId', Array)
#7 C:\xampp\htdocs\apiLumen\vendor\illuminate\database\Eloquent\Model.php(788): Illuminate\Database\Eloquent\Model->insertAndSetId(Object(Illuminate\Database\Eloquent\Builder), Array)
#8 C:\xampp\htdocs\apiLumen\vendor\illuminate\database\Eloquent\Model.php(651): Illuminate\Database\Eloquent\Model->performInsert(Object(Illuminate\Database\Eloquent\Builder))
#9 C:\xampp\htdocs\apiLumen\vendor\illuminate\database\Eloquent\Builder.php(793): Illuminate\Database\Eloquent\Model->save()
#10 C:\xampp\htdocs\apiLumen\vendor\illuminate\support\helpers.php(1027): Illuminate\Database\Eloquent\Builder->Illuminate\Database\Eloquent\{closure}(Object(App\User))
#11 C:\xampp\htdocs\apiLumen\vendor\illuminate\database\Eloquent\Builder.php(794): tap(Object(App\User), Object(Closure))
#12 C:\xampp\htdocs\apiLumen\vendor\illuminate\support\Traits\ForwardsCalls.php(23): Illuminate\Database\Eloquent\Builder->create(Array)
#13 C:\xampp\htdocs\apiLumen\vendor\illuminate\database\Eloquent\Model.php(1610): Illuminate\Database\Eloquent\Model->forwardCallTo(Object(Illuminate\Database\Eloquent\Builder), 'create', Array)
#14 C:\xampp\htdocs\apiLumen\vendor\illuminate\database\Eloquent\Model.php(1622): Illuminate\Database\Eloquent\Model->__call('create', Array)
#15 C:\xampp\htdocs\apiLumen\app\Http\Controllers\AuthController.php(21): Illuminate\Database\Eloquent\Model::__callStatic('create', Array)
#16 [internal function]: App\Http\Controllers\AuthController->register(Object(Illuminate\Http\Request))
#17 C:\xampp\htdocs\apiLumen\vendor\illuminate\container\BoundMethod.php(29): call_user_func_array(Array, Array)
#18 C:\xampp\htdocs\apiLumen\vendor\illuminate\container\BoundMethod.php(87): Illuminate\Container\BoundMethod::Illuminate\Container\{closure}()
#19 C:\xampp\htdocs\apiLumen\vendor\illuminate\container\BoundMethod.php(31): Illuminate\Container\BoundMethod::callBoundMethod(Object(Laravel\Lumen\Application), Array, Object(Closure))
#20 C:\xampp\htdocs\apiLumen\vendor\illuminate\container\Container.php(572): Illuminate\Container\BoundMethod::call(Object(Laravel\Lumen\Application), Array, Array, NULL)
#21 C:\xampp\htdocs\apiLumen\vendor\laravel\lumen-framework\src\Concerns\RoutesRequests.php(378): Illuminate\Container\Container->call(Array, Array)
#22 C:\xampp\htdocs\apiLumen\vendor\laravel\lumen-framework\src\Concerns\RoutesRequests.php(344): Laravel\Lumen\Application->callControllerCallable(Array, Array)
#23 C:\xampp\htdocs\apiLumen\vendor\laravel\lumen-framework\src\Concerns\RoutesRequests.php(318): Laravel\Lumen\Application->callLumenController(Object(App\Http\Controllers\AuthController), 'register', Array)
#24 C:\xampp\htdocs\apiLumen\vendor\laravel\lumen-framework\src\Concerns\RoutesRequests.php(280): Laravel\Lumen\Application->callControllerAction(Array)
#25 C:\xampp\htdocs\apiLumen\vendor\laravel\lumen-framework\src\Concerns\RoutesRequests.php(265): Laravel\Lumen\Application->callActionOnArrayBasedRoute(Array)
#26 C:\xampp\htdocs\apiLumen\vendor\laravel\lumen-framework\src\Concerns\RoutesRequests.php(165): Laravel\Lumen\Application->handleFoundRoute(Array)
#27 C:\xampp\htdocs\apiLumen\vendor\laravel\lumen-framework\src\Concerns\RoutesRequests.php(418): Laravel\Lumen\Application->Laravel\Lumen\Concerns\{closure}(Object(Illuminate\Http\Request))
#28 C:\xampp\htdocs\apiLumen\vendor\laravel\lumen-framework\src\Concerns\RoutesRequests.php(171): Laravel\Lumen\Application->sendThroughPipeline(Array, Object(Closure))
#29 C:\xampp\htdocs\apiLumen\vendor\laravel\lumen-framework\src\Concerns\RoutesRequests.php(108): Laravel\Lumen\Application->dispatch(Object(Illuminate\Http\Request))
#30 C:\xampp\htdocs\apiLumen\public\index.php(30): Laravel\Lumen\Application->run(Object(Illuminate\Http\Request))
#31 {main} {"exception":"[object] (Illuminate\\Database\\QueryException(code: HY000): SQLSTATE[HY000]: General error: 1364 Field 'api_token' doesn't have a default value (SQL: insert into `users` (`name`, `email`, `password`, `updated_at`, `created_at`) values (imam, imam.shonhaji@email.com, $2y$10$YDAJNtyD3vzNRZk2CPoKWeF8WX5pY/fd.ReLhpUO17G/MFQOLFSzK, 2019-02-25 09:42:58, 2019-02-25 09:42:58)) at C:\\xampp\\htdocs\\apiLumen\\vendor\\illuminate\\database\\Connection.php:664, PDOException(code: HY000): SQLSTATE[HY000]: General error: 1364 Field 'api_token' doesn't have a default value at C:\\xampp\\htdocs\\apiLumen\\vendor\\illuminate\\database\\Connection.php:458)
[stacktrace]
#0 C:\\xampp\\htdocs\\apiLumen\\vendor\\illuminate\\database\\Connection.php(624): Illuminate\\Database\\Connection->runQueryCallback('insert into `us...', Array, Object(Closure))
#1 C:\\xampp\\htdocs\\apiLumen\\vendor\\illuminate\\database\\Connection.php(459): Illuminate\\Database\\Connection->run('insert into `us...', Array, Object(Closure))
#2 C:\\xampp\\htdocs\\apiLumen\\vendor\\illuminate\\database\\Connection.php(411): Illuminate\\Database\\Connection->statement('insert into `us...', Array)
#3 C:\\xampp\\htdocs\\apiLumen\\vendor\\illuminate\\database\\Query\\Processors\\Processor.php(32): Illuminate\\Database\\Connection->insert('insert into `us...', Array)
#4 C:\\xampp\\htdocs\\apiLumen\\vendor\\illuminate\\database\\Query\\Builder.php(2628): Illuminate\\Database\\Query\\Processors\\Processor->processInsertGetId(Object(Illuminate\\Database\\Query\\Builder), 'insert into `us...', Array, 'id')
#5 C:\\xampp\\htdocs\\apiLumen\\vendor\\illuminate\\database\\Eloquent\\Builder.php(1338): Illuminate\\Database\\Query\\Builder->insertGetId(Array, 'id')
#6 C:\\xampp\\htdocs\\apiLumen\\vendor\\illuminate\\database\\Eloquent\\Model.php(823): Illuminate\\Database\\Eloquent\\Builder->__call('insertGetId', Array)
#7 C:\\xampp\\htdocs\\apiLumen\\vendor\\illuminate\\database\\Eloquent\\Model.php(788): Illuminate\\Database\\Eloquent\\Model->insertAndSetId(Object(Illuminate\\Database\\Eloquent\\Builder), Array)
#8 C:\\xampp\\htdocs\\apiLumen\\vendor\\illuminate\\database\\Eloquent\\Model.php(651): Illuminate\\Database\\Eloquent\\Model->performInsert(Object(Illuminate\\Database\\Eloquent\\Builder))
#9 C:\\xampp\\htdocs\\apiLumen\\vendor\\illuminate\\database\\Eloquent\\Builder.php(793): Illuminate\\Database\\Eloquent\\Model->save()
#10 C:\\xampp\\htdocs\\apiLumen\\vendor\\illuminate\\support\\helpers.php(1027): Illuminate\\Database\\Eloquent\\Builder->Illuminate\\Database\\Eloquent\\{closure}(Object(App\\User))
#11 C:\\xampp\\htdocs\\apiLumen\\vendor\\illuminate\\database\\Eloquent\\Builder.php(794): tap(Object(App\\User), Object(Closure))
#12 C:\\xampp\\htdocs\\apiLumen\\vendor\\illuminate\\support\\Traits\\ForwardsCalls.php(23): Illuminate\\Database\\Eloquent\\Builder->create(Array)
#13 C:\\xampp\\htdocs\\apiLumen\\vendor\\illuminate\\database\\Eloquent\\Model.php(1610): Illuminate\\Database\\Eloquent\\Model->forwardCallTo(Object(Illuminate\\Database\\Eloquent\\Builder), 'create', Array)
#14 C:\\xampp\\htdocs\\apiLumen\\vendor\\illuminate\\database\\Eloquent\\Model.php(1622): Illuminate\\Database\\Eloquent\\Model->__call('create', Array)
#15 C:\\xampp\\htdocs\\apiLumen\\app\\Http\\Controllers\\AuthController.php(21): Illuminate\\Database\\Eloquent\\Model::__callStatic('create', Array)
#16 [internal function]: App\\Http\\Controllers\\AuthController->register(Object(Illuminate\\Http\\Request))
#17 C:\\xampp\\htdocs\\apiLumen\\vendor\\illuminate\\container\\BoundMethod.php(29): call_user_func_array(Array, Array)
#18 C:\\xampp\\htdocs\\apiLumen\\vendor\\illuminate\\container\\BoundMethod.php(87): Illuminate\\Container\\BoundMethod::Illuminate\\Container\\{closure}()
#19 C:\\xampp\\htdocs\\apiLumen\\vendor\\illuminate\\container\\BoundMethod.php(31): Illuminate\\Container\\BoundMethod::callBoundMethod(Object(Laravel\\Lumen\\Application), Array, Object(Closure))
#20 C:\\xampp\\htdocs\\apiLumen\\vendor\\illuminate\\container\\Container.php(572): Illuminate\\Container\\BoundMethod::call(Object(Laravel\\Lumen\\Application), Array, Array, NULL)
#21 C:\\xampp\\htdocs\\apiLumen\\vendor\\laravel\\lumen-framework\\src\\Concerns\\RoutesRequests.php(378): Illuminate\\Container\\Container->call(Array, Array)
#22 C:\\xampp\\htdocs\\apiLumen\\vendor\\laravel\\lumen-framework\\src\\Concerns\\RoutesRequests.php(344): Laravel\\Lumen\\Application->callControllerCallable(Array, Array)
#23 C:\\xampp\\htdocs\\apiLumen\\vendor\\laravel\\lumen-framework\\src\\Concerns\\RoutesRequests.php(318): Laravel\\Lumen\\Application->callLumenController(Object(App\\Http\\Controllers\\AuthController), 'register', Array)
#24 C:\\xampp\\htdocs\\apiLumen\\vendor\\laravel\\lumen-framework\\src\\Concerns\\RoutesRequests.php(280): Laravel\\Lumen\\Application->callControllerAction(Array)
#25 C:\\xampp\\htdocs\\apiLumen\\vendor\\laravel\\lumen-framework\\src\\Concerns\\RoutesRequests.php(265): Laravel\\Lumen\\Application->callActionOnArrayBasedRoute(Array)
#26 C:\\xampp\\htdocs\\apiLumen\\vendor\\laravel\\lumen-framework\\src\\Concerns\\RoutesRequests.php(165): Laravel\\Lumen\\Application->handleFoundRoute(Array)
#27 C:\\xampp\\htdocs\\apiLumen\\vendor\\laravel\\lumen-framework\\src\\Concerns\\RoutesRequests.php(418): Laravel\\Lumen\\Application->Laravel\\Lumen\\Concerns\\{closure}(Object(Illuminate\\Http\\Request))
#28 C:\\xampp\\htdocs\\apiLumen\\vendor\\laravel\\lumen-framework\\src\\Concerns\\RoutesRequests.php(171): Laravel\\Lumen\\Application->sendThroughPipeline(Array, Object(Closure))
#29 C:\\xampp\\htdocs\\apiLumen\\vendor\\laravel\\lumen-framework\\src\\Concerns\\RoutesRequests.php(108): Laravel\\Lumen\\Application->dispatch(Object(Illuminate\\Http\\Request))
#30 C:\\xampp\\htdocs\\apiLumen\\public\\index.php(30): Laravel\\Lumen\\Application->run(Object(Illuminate\\Http\\Request))
#31 {main}
"} 
[2019-02-25 10:04:35] local.ERROR: ReflectionException: Class App\Http\Controllers\UserController does not exist in C:\xampp\htdocs\apiLumen\vendor\illuminate\container\Container.php:779
Stack trace:
#0 C:\xampp\htdocs\apiLumen\vendor\illuminate\container\Container.php(779): ReflectionClass->__construct('App\\Http\\Contro...')
#1 C:\xampp\htdocs\apiLumen\vendor\illuminate\container\Container.php(658): Illuminate\Container\Container->build('App\\Http\\Contro...')
#2 C:\xampp\htdocs\apiLumen\vendor\illuminate\container\Container.php(609): Illuminate\Container\Container->resolve('App\\Http\\Contro...', Array)
#3 C:\xampp\htdocs\apiLumen\vendor\laravel\lumen-framework\src\Application.php(260): Illuminate\Container\Container->make('App\\Http\\Contro...', Array)
#4 C:\xampp\htdocs\apiLumen\vendor\laravel\lumen-framework\src\Concerns\RoutesRequests.php(313): Laravel\Lumen\Application->make('App\\Http\\Contro...')
#5 C:\xampp\htdocs\apiLumen\vendor\laravel\lumen-framework\src\Concerns\RoutesRequests.php(280): Laravel\Lumen\Application->callControllerAction(Array)
#6 C:\xampp\htdocs\apiLumen\vendor\laravel\lumen-framework\src\Concerns\RoutesRequests.php(265): Laravel\Lumen\Application->callActionOnArrayBasedRoute(Array)
#7 C:\xampp\htdocs\apiLumen\vendor\laravel\lumen-framework\src\Concerns\RoutesRequests.php(235): Laravel\Lumen\Application->handleFoundRoute(Array)
#8 C:\xampp\htdocs\apiLumen\vendor\laravel\lumen-framework\src\Concerns\RoutesRequests.php(169): Laravel\Lumen\Application->handleDispatcherResponse(Array)
#9 C:\xampp\htdocs\apiLumen\vendor\laravel\lumen-framework\src\Concerns\RoutesRequests.php(418): Laravel\Lumen\Application->Laravel\Lumen\Concerns\{closure}(Object(Illuminate\Http\Request))
#10 C:\xampp\htdocs\apiLumen\vendor\laravel\lumen-framework\src\Concerns\RoutesRequests.php(171): Laravel\Lumen\Application->sendThroughPipeline(Array, Object(Closure))
#11 C:\xampp\htdocs\apiLumen\vendor\laravel\lumen-framework\src\Concerns\RoutesRequests.php(108): Laravel\Lumen\Application->dispatch(Object(Illuminate\Http\Request))
#12 C:\xampp\htdocs\apiLumen\public\index.php(30): Laravel\Lumen\Application->run(Object(Illuminate\Http\Request))
#13 {main} {"exception":"[object] (ReflectionException(code: -1): Class App\\Http\\Controllers\\UserController does not exist at C:\\xampp\\htdocs\\apiLumen\\vendor\\illuminate\\container\\Container.php:779)
[stacktrace]
#0 C:\\xampp\\htdocs\\apiLumen\\vendor\\illuminate\\container\\Container.php(779): ReflectionClass->__construct('App\\\\Http\\\\Contro...')
#1 C:\\xampp\\htdocs\\apiLumen\\vendor\\illuminate\\container\\Container.php(658): Illuminate\\Container\\Container->build('App\\\\Http\\\\Contro...')
#2 C:\\xampp\\htdocs\\apiLumen\\vendor\\illuminate\\container\\Container.php(609): Illuminate\\Container\\Container->resolve('App\\\\Http\\\\Contro...', Array)
#3 C:\\xampp\\htdocs\\apiLumen\\vendor\\laravel\\lumen-framework\\src\\Application.php(260): Illuminate\\Container\\Container->make('App\\\\Http\\\\Contro...', Array)
#4 C:\\xampp\\htdocs\\apiLumen\\vendor\\laravel\\lumen-framework\\src\\Concerns\\RoutesRequests.php(313): Laravel\\Lumen\\Application->make('App\\\\Http\\\\Contro...')
#5 C:\\xampp\\htdocs\\apiLumen\\vendor\\laravel\\lumen-framework\\src\\Concerns\\RoutesRequests.php(280): Laravel\\Lumen\\Application->callControllerAction(Array)
#6 C:\\xampp\\htdocs\\apiLumen\\vendor\\laravel\\lumen-framework\\src\\Concerns\\RoutesRequests.php(265): Laravel\\Lumen\\Application->callActionOnArrayBasedRoute(Array)
#7 C:\\xampp\\htdocs\\apiLumen\\vendor\\laravel\\lumen-framework\\src\\Concerns\\RoutesRequests.php(235): Laravel\\Lumen\\Application->handleFoundRoute(Array)
#8 C:\\xampp\\htdocs\\apiLumen\\vendor\\laravel\\lumen-framework\\src\\Concerns\\RoutesRequests.php(169): Laravel\\Lumen\\Application->handleDispatcherResponse(Array)
#9 C:\\xampp\\htdocs\\apiLumen\\vendor\\laravel\\lumen-framework\\src\\Concerns\\RoutesRequests.php(418): Laravel\\Lumen\\Application->Laravel\\Lumen\\Concerns\\{closure}(Object(Illuminate\\Http\\Request))
#10 C:\\xampp\\htdocs\\apiLumen\\vendor\\laravel\\lumen-framework\\src\\Concerns\\RoutesRequests.php(171): Laravel\\Lumen\\Application->sendThroughPipeline(Array, Object(Closure))
#11 C:\\xampp\\htdocs\\apiLumen\\vendor\\laravel\\lumen-framework\\src\\Concerns\\RoutesRequests.php(108): Laravel\\Lumen\\Application->dispatch(Object(Illuminate\\Http\\Request))
#12 C:\\xampp\\htdocs\\apiLumen\\public\\index.php(30): Laravel\\Lumen\\Application->run(Object(Illuminate\\Http\\Request))
#13 {main}
"} 
[2019-02-25 10:16:04] local.ERROR: ErrorException: Object of class Illuminate\Http\Request could not be converted to int in C:\xampp\htdocs\apiLumen\app\Providers\AuthServiceProvider.php:35
Stack trace:
#0 C:\xampp\htdocs\apiLumen\app\Providers\AuthServiceProvider.php(35): Laravel\Lumen\Application->Laravel\Lumen\Concerns\{closure}(8, 'Object of class...', 'C:\\xampp\\htdocs...', 35, Array)
#1 [internal function]: App\Providers\AuthServiceProvider->App\Providers\{closure}(Object(Illuminate\Http\Request), NULL)
#2 C:\xampp\htdocs\apiLumen\vendor\illuminate\auth\RequestGuard.php(58): call_user_func(Object(Closure), Object(Illuminate\Http\Request), NULL)
#3 C:\xampp\htdocs\apiLumen\vendor\illuminate\auth\GuardHelpers.php(60): Illuminate\Auth\RequestGuard->user()
#4 C:\xampp\htdocs\apiLumen\vendor\illuminate\auth\GuardHelpers.php(70): Illuminate\Auth\RequestGuard->check()
#5 C:\xampp\htdocs\apiLumen\app\Http\Middleware\Authenticate.php(38): Illuminate\Auth\RequestGuard->guest()
#6 C:\xampp\htdocs\apiLumen\vendor\illuminate\pipeline\Pipeline.php(163): App\Http\Middleware\Authenticate->handle(Object(Illuminate\Http\Request), Object(Closure))
#7 [internal function]: Illuminate\Pipeline\Pipeline->Illuminate\Pipeline\{closure}(Object(Illuminate\Http\Request))
#8 C:\xampp\htdocs\apiLumen\vendor\laravel\lumen-framework\src\Routing\Pipeline.php(32): call_user_func(Object(Closure), Object(Illuminate\Http\Request))
#9 C:\xampp\htdocs\apiLumen\vendor\illuminate\pipeline\Pipeline.php(104): Laravel\Lumen\Routing\Pipeline->Laravel\Lumen\Routing\{closure}(Object(Illuminate\Http\Request))
#10 C:\xampp\htdocs\apiLumen\vendor\laravel\lumen-framework\src\Concerns\RoutesRequests.php(415): Illuminate\Pipeline\Pipeline->then(Object(Closure))
#11 C:\xampp\htdocs\apiLumen\vendor\laravel\lumen-framework\src\Concerns\RoutesRequests.php(364): Laravel\Lumen\Application->sendThroughPipeline(Array, Object(Closure))
#12 C:\xampp\htdocs\apiLumen\vendor\laravel\lumen-framework\src\Concerns\RoutesRequests.php(340): Laravel\Lumen\Application->callLumenControllerWithMiddleware(Object(App\Http\Controllers\UserController), 'index', Array, Array)
#13 C:\xampp\htdocs\apiLumen\vendor\laravel\lumen-framework\src\Concerns\RoutesRequests.php(318): Laravel\Lumen\Application->callLumenController(Object(App\Http\Controllers\UserController), 'index', Array)
#14 C:\xampp\htdocs\apiLumen\vendor\laravel\lumen-framework\src\Concerns\RoutesRequests.php(280): Laravel\Lumen\Application->callControllerAction(Array)
#15 C:\xampp\htdocs\apiLumen\vendor\laravel\lumen-framework\src\Concerns\RoutesRequests.php(265): Laravel\Lumen\Application->callActionOnArrayBasedRoute(Array)
#16 C:\xampp\htdocs\apiLumen\vendor\laravel\lumen-framework\src\Concerns\RoutesRequests.php(235): Laravel\Lumen\Application->handleFoundRoute(Array)
#17 C:\xampp\htdocs\apiLumen\vendor\laravel\lumen-framework\src\Concerns\RoutesRequests.php(169): Laravel\Lumen\Application->handleDispatcherResponse(Array)
#18 C:\xampp\htdocs\apiLumen\vendor\laravel\lumen-framework\src\Concerns\RoutesRequests.php(418): Laravel\Lumen\Application->Laravel\Lumen\Concerns\{closure}(Object(Illuminate\Http\Request))
#19 C:\xampp\htdocs\apiLumen\vendor\laravel\lumen-framework\src\Concerns\RoutesRequests.php(171): Laravel\Lumen\Application->sendThroughPipeline(Array, Object(Closure))
#20 C:\xampp\htdocs\apiLumen\vendor\laravel\lumen-framework\src\Concerns\RoutesRequests.php(108): Laravel\Lumen\Application->dispatch(Object(Illuminate\Http\Request))
#21 C:\xampp\htdocs\apiLumen\public\index.php(30): Laravel\Lumen\Application->run(Object(Illuminate\Http\Request))
#22 {main} {"exception":"[object] (ErrorException(code: 0): Object of class Illuminate\\Http\\Request could not be converted to int at C:\\xampp\\htdocs\\apiLumen\\app\\Providers\\AuthServiceProvider.php:35)
[stacktrace]
#0 C:\\xampp\\htdocs\\apiLumen\\app\\Providers\\AuthServiceProvider.php(35): Laravel\\Lumen\\Application->Laravel\\Lumen\\Concerns\\{closure}(8, 'Object of class...', 'C:\\\\xampp\\\\htdocs...', 35, Array)
#1 [internal function]: App\\Providers\\AuthServiceProvider->App\\Providers\\{closure}(Object(Illuminate\\Http\\Request), NULL)
#2 C:\\xampp\\htdocs\\apiLumen\\vendor\\illuminate\\auth\\RequestGuard.php(58): call_user_func(Object(Closure), Object(Illuminate\\Http\\Request), NULL)
#3 C:\\xampp\\htdocs\\apiLumen\\vendor\\illuminate\\auth\\GuardHelpers.php(60): Illuminate\\Auth\\RequestGuard->user()
#4 C:\\xampp\\htdocs\\apiLumen\\vendor\\illuminate\\auth\\GuardHelpers.php(70): Illuminate\\Auth\\RequestGuard->check()
#5 C:\\xampp\\htdocs\\apiLumen\\app\\Http\\Middleware\\Authenticate.php(38): Illuminate\\Auth\\RequestGuard->guest()
#6 C:\\xampp\\htdocs\\apiLumen\\vendor\\illuminate\\pipeline\\Pipeline.php(163): App\\Http\\Middleware\\Authenticate->handle(Object(Illuminate\\Http\\Request), Object(Closure))
#7 [internal function]: Illuminate\\Pipeline\\Pipeline->Illuminate\\Pipeline\\{closure}(Object(Illuminate\\Http\\Request))
#8 C:\\xampp\\htdocs\\apiLumen\\vendor\\laravel\\lumen-framework\\src\\Routing\\Pipeline.php(32): call_user_func(Object(Closure), Object(Illuminate\\Http\\Request))
#9 C:\\xampp\\htdocs\\apiLumen\\vendor\\illuminate\\pipeline\\Pipeline.php(104): Laravel\\Lumen\\Routing\\Pipeline->Laravel\\Lumen\\Routing\\{closure}(Object(Illuminate\\Http\\Request))
#10 C:\\xampp\\htdocs\\apiLumen\\vendor\\laravel\\lumen-framework\\src\\Concerns\\RoutesRequests.php(415): Illuminate\\Pipeline\\Pipeline->then(Object(Closure))
#11 C:\\xampp\\htdocs\\apiLumen\\vendor\\laravel\\lumen-framework\\src\\Concerns\\RoutesRequests.php(364): Laravel\\Lumen\\Application->sendThroughPipeline(Array, Object(Closure))
#12 C:\\xampp\\htdocs\\apiLumen\\vendor\\laravel\\lumen-framework\\src\\Concerns\\RoutesRequests.php(340): Laravel\\Lumen\\Application->callLumenControllerWithMiddleware(Object(App\\Http\\Controllers\\UserController), 'index', Array, Array)
#13 C:\\xampp\\htdocs\\apiLumen\\vendor\\laravel\\lumen-framework\\src\\Concerns\\RoutesRequests.php(318): Laravel\\Lumen\\Application->callLumenController(Object(App\\Http\\Controllers\\UserController), 'index', Array)
#14 C:\\xampp\\htdocs\\apiLumen\\vendor\\laravel\\lumen-framework\\src\\Concerns\\RoutesRequests.php(280): Laravel\\Lumen\\Application->callControllerAction(Array)
#15 C:\\xampp\\htdocs\\apiLumen\\vendor\\laravel\\lumen-framework\\src\\Concerns\\RoutesRequests.php(265): Laravel\\Lumen\\Application->callActionOnArrayBasedRoute(Array)
#16 C:\\xampp\\htdocs\\apiLumen\\vendor\\laravel\\lumen-framework\\src\\Concerns\\RoutesRequests.php(235): Laravel\\Lumen\\Application->handleFoundRoute(Array)
#17 C:\\xampp\\htdocs\\apiLumen\\vendor\\laravel\\lumen-framework\\src\\Concerns\\RoutesRequests.php(169): Laravel\\Lumen\\Application->handleDispatcherResponse(Array)
#18 C:\\xampp\\htdocs\\apiLumen\\vendor\\laravel\\lumen-framework\\src\\Concerns\\RoutesRequests.php(418): Laravel\\Lumen\\Application->Laravel\\Lumen\\Concerns\\{closure}(Object(Illuminate\\Http\\Request))
#19 C:\\xampp\\htdocs\\apiLumen\\vendor\\laravel\\lumen-framework\\src\\Concerns\\RoutesRequests.php(171): Laravel\\Lumen\\Application->sendThroughPipeline(Array, Object(Closure))
#20 C:\\xampp\\htdocs\\apiLumen\\vendor\\laravel\\lumen-framework\\src\\Concerns\\RoutesRequests.php(108): Laravel\\Lumen\\Application->dispatch(Object(Illuminate\\Http\\Request))
#21 C:\\xampp\\htdocs\\apiLumen\\public\\index.php(30): Laravel\\Lumen\\Application->run(Object(Illuminate\\Http\\Request))
#22 {main}
"} 
[2019-02-25 10:17:11] local.ERROR: ErrorException: Object of class Illuminate\Http\Request could not be converted to int in C:\xampp\htdocs\apiLumen\app\Providers\AuthServiceProvider.php:35
Stack trace:
#0 C:\xampp\htdocs\apiLumen\app\Providers\AuthServiceProvider.php(35): Laravel\Lumen\Application->Laravel\Lumen\Concerns\{closure}(8, 'Object of class...', 'C:\\xampp\\htdocs...', 35, Array)
#1 [internal function]: App\Providers\AuthServiceProvider->App\Providers\{closure}(Object(Illuminate\Http\Request), NULL)
#2 C:\xampp\htdocs\apiLumen\vendor\illuminate\auth\RequestGuard.php(58): call_user_func(Object(Closure), Object(Illuminate\Http\Request), NULL)
#3 C:\xampp\htdocs\apiLumen\vendor\illuminate\auth\GuardHelpers.php(60): Illuminate\Auth\RequestGuard->user()
#4 C:\xampp\htdocs\apiLumen\vendor\illuminate\auth\GuardHelpers.php(70): Illuminate\Auth\RequestGuard->check()
#5 C:\xampp\htdocs\apiLumen\app\Http\Middleware\Authenticate.php(38): Illuminate\Auth\RequestGuard->guest()
#6 C:\xampp\htdocs\apiLumen\vendor\illuminate\pipeline\Pipeline.php(163): App\Http\Middleware\Authenticate->handle(Object(Illuminate\Http\Request), Object(Closure))
#7 [internal function]: Illuminate\Pipeline\Pipeline->Illuminate\Pipeline\{closure}(Object(Illuminate\Http\Request))
#8 C:\xampp\htdocs\apiLumen\vendor\laravel\lumen-framework\src\Routing\Pipeline.php(32): call_user_func(Object(Closure), Object(Illuminate\Http\Request))
#9 C:\xampp\htdocs\apiLumen\vendor\illuminate\pipeline\Pipeline.php(104): Laravel\Lumen\Routing\Pipeline->Laravel\Lumen\Routing\{closure}(Object(Illuminate\Http\Request))
#10 C:\xampp\htdocs\apiLumen\vendor\laravel\lumen-framework\src\Concerns\RoutesRequests.php(415): Illuminate\Pipeline\Pipeline->then(Object(Closure))
#11 C:\xampp\htdocs\apiLumen\vendor\laravel\lumen-framework\src\Concerns\RoutesRequests.php(364): Laravel\Lumen\Application->sendThroughPipeline(Array, Object(Closure))
#12 C:\xampp\htdocs\apiLumen\vendor\laravel\lumen-framework\src\Concerns\RoutesRequests.php(340): Laravel\Lumen\Application->callLumenControllerWithMiddleware(Object(App\Http\Controllers\UserController), 'index', Array, Array)
#13 C:\xampp\htdocs\apiLumen\vendor\laravel\lumen-framework\src\Concerns\RoutesRequests.php(318): Laravel\Lumen\Application->callLumenController(Object(App\Http\Controllers\UserController), 'index', Array)
#14 C:\xampp\htdocs\apiLumen\vendor\laravel\lumen-framework\src\Concerns\RoutesRequests.php(280): Laravel\Lumen\Application->callControllerAction(Array)
#15 C:\xampp\htdocs\apiLumen\vendor\laravel\lumen-framework\src\Concerns\RoutesRequests.php(265): Laravel\Lumen\Application->callActionOnArrayBasedRoute(Array)
#16 C:\xampp\htdocs\apiLumen\vendor\laravel\lumen-framework\src\Concerns\RoutesRequests.php(235): Laravel\Lumen\Application->handleFoundRoute(Array)
#17 C:\xampp\htdocs\apiLumen\vendor\laravel\lumen-framework\src\Concerns\RoutesRequests.php(169): Laravel\Lumen\Application->handleDispatcherResponse(Array)
#18 C:\xampp\htdocs\apiLumen\vendor\laravel\lumen-framework\src\Concerns\RoutesRequests.php(418): Laravel\Lumen\Application->Laravel\Lumen\Concerns\{closure}(Object(Illuminate\Http\Request))
#19 C:\xampp\htdocs\apiLumen\vendor\laravel\lumen-framework\src\Concerns\RoutesRequests.php(171): Laravel\Lumen\Application->sendThroughPipeline(Array, Object(Closure))
#20 C:\xampp\htdocs\apiLumen\vendor\laravel\lumen-framework\src\Concerns\RoutesRequests.php(108): Laravel\Lumen\Application->dispatch(Object(Illuminate\Http\Request))
#21 C:\xampp\htdocs\apiLumen\public\index.php(30): Laravel\Lumen\Application->run(Object(Illuminate\Http\Request))
#22 {main} {"exception":"[object] (ErrorException(code: 0): Object of class Illuminate\\Http\\Request could not be converted to int at C:\\xampp\\htdocs\\apiLumen\\app\\Providers\\AuthServiceProvider.php:35)
[stacktrace]
#0 C:\\xampp\\htdocs\\apiLumen\\app\\Providers\\AuthServiceProvider.php(35): Laravel\\Lumen\\Application->Laravel\\Lumen\\Concerns\\{closure}(8, 'Object of class...', 'C:\\\\xampp\\\\htdocs...', 35, Array)
#1 [internal function]: App\\Providers\\AuthServiceProvider->App\\Providers\\{closure}(Object(Illuminate\\Http\\Request), NULL)
#2 C:\\xampp\\htdocs\\apiLumen\\vendor\\illuminate\\auth\\RequestGuard.php(58): call_user_func(Object(Closure), Object(Illuminate\\Http\\Request), NULL)
#3 C:\\xampp\\htdocs\\apiLumen\\vendor\\illuminate\\auth\\GuardHelpers.php(60): Illuminate\\Auth\\RequestGuard->user()
#4 C:\\xampp\\htdocs\\apiLumen\\vendor\\illuminate\\auth\\GuardHelpers.php(70): Illuminate\\Auth\\RequestGuard->check()
#5 C:\\xampp\\htdocs\\apiLumen\\app\\Http\\Middleware\\Authenticate.php(38): Illuminate\\Auth\\RequestGuard->guest()
#6 C:\\xampp\\htdocs\\apiLumen\\vendor\\illuminate\\pipeline\\Pipeline.php(163): App\\Http\\Middleware\\Authenticate->handle(Object(Illuminate\\Http\\Request), Object(Closure))
#7 [internal function]: Illuminate\\Pipeline\\Pipeline->Illuminate\\Pipeline\\{closure}(Object(Illuminate\\Http\\Request))
#8 C:\\xampp\\htdocs\\apiLumen\\vendor\\laravel\\lumen-framework\\src\\Routing\\Pipeline.php(32): call_user_func(Object(Closure), Object(Illuminate\\Http\\Request))
#9 C:\\xampp\\htdocs\\apiLumen\\vendor\\illuminate\\pipeline\\Pipeline.php(104): Laravel\\Lumen\\Routing\\Pipeline->Laravel\\Lumen\\Routing\\{closure}(Object(Illuminate\\Http\\Request))
#10 C:\\xampp\\htdocs\\apiLumen\\vendor\\laravel\\lumen-framework\\src\\Concerns\\RoutesRequests.php(415): Illuminate\\Pipeline\\Pipeline->then(Object(Closure))
#11 C:\\xampp\\htdocs\\apiLumen\\vendor\\laravel\\lumen-framework\\src\\Concerns\\RoutesRequests.php(364): Laravel\\Lumen\\Application->sendThroughPipeline(Array, Object(Closure))
#12 C:\\xampp\\htdocs\\apiLumen\\vendor\\laravel\\lumen-framework\\src\\Concerns\\RoutesRequests.php(340): Laravel\\Lumen\\Application->callLumenControllerWithMiddleware(Object(App\\Http\\Controllers\\UserController), 'index', Array, Array)
#13 C:\\xampp\\htdocs\\apiLumen\\vendor\\laravel\\lumen-framework\\src\\Concerns\\RoutesRequests.php(318): Laravel\\Lumen\\Application->callLumenController(Object(App\\Http\\Controllers\\UserController), 'index', Array)
#14 C:\\xampp\\htdocs\\apiLumen\\vendor\\laravel\\lumen-framework\\src\\Concerns\\RoutesRequests.php(280): Laravel\\Lumen\\Application->callControllerAction(Array)
#15 C:\\xampp\\htdocs\\apiLumen\\vendor\\laravel\\lumen-framework\\src\\Concerns\\RoutesRequests.php(265): Laravel\\Lumen\\Application->callActionOnArrayBasedRoute(Array)
#16 C:\\xampp\\htdocs\\apiLumen\\vendor\\laravel\\lumen-framework\\src\\Concerns\\RoutesRequests.php(235): Laravel\\Lumen\\Application->handleFoundRoute(Array)
#17 C:\\xampp\\htdocs\\apiLumen\\vendor\\laravel\\lumen-framework\\src\\Concerns\\RoutesRequests.php(169): Laravel\\Lumen\\Application->handleDispatcherResponse(Array)
#18 C:\\xampp\\htdocs\\apiLumen\\vendor\\laravel\\lumen-framework\\src\\Concerns\\RoutesRequests.php(418): Laravel\\Lumen\\Application->Laravel\\Lumen\\Concerns\\{closure}(Object(Illuminate\\Http\\Request))
#19 C:\\xampp\\htdocs\\apiLumen\\vendor\\laravel\\lumen-framework\\src\\Concerns\\RoutesRequests.php(171): Laravel\\Lumen\\Application->sendThroughPipeline(Array, Object(Closure))
#20 C:\\xampp\\htdocs\\apiLumen\\vendor\\laravel\\lumen-framework\\src\\Concerns\\RoutesRequests.php(108): Laravel\\Lumen\\Application->dispatch(Object(Illuminate\\Http\\Request))
#21 C:\\xampp\\htdocs\\apiLumen\\public\\index.php(30): Laravel\\Lumen\\Application->run(Object(Illuminate\\Http\\Request))
#22 {main}
"} 
